[10-Jan-2020 20:20:02 Europe/Berlin] PHP Notice:  Undefined index: login in C:\xampp\htdocs\note\jotter\tpl\header.tpl.php on line 187
[10-Jan-2020 20:20:22 Europe/Berlin] PHP Warning:  session_set_cookie_params(): Cannot change session cookie parameters when session is active in C:\xampp\htdocs\note\jotter\lib\ext\yoslogin.lib.php on line 187
[10-Jan-2020 20:20:22 Europe/Berlin] PHP Notice:  Undefined variable: user in C:\xampp\htdocs\note\jotter\index.php on line 162
[10-Jan-2020 20:20:22 Europe/Berlin] PHP Notice:  Undefined variable: user in C:\xampp\htdocs\note\jotter\tpl\header.tpl.php on line 31
[10-Jan-2020 20:20:22 Europe/Berlin] PHP Notice:  Undefined variable: user in C:\xampp\htdocs\note\jotter\tpl\header.tpl.php on line 187
[10-Jan-2020 20:20:22 Europe/Berlin] PHP Notice:  Undefined index: login in C:\xampp\htdocs\note\jotter\tpl\header.tpl.php on line 187
[10-Jan-2020 20:21:04 Europe/Berlin] PHP Warning:  session_set_cookie_params(): Cannot change session cookie parameters when session is active in C:\xampp\htdocs\note\jotter\lib\ext\yoslogin.lib.php on line 187
[10-Jan-2020 20:21:04 Europe/Berlin] PHP Notice:  Undefined variable: user in C:\xampp\htdocs\note\jotter\index.php on line 162
[10-Jan-2020 20:21:04 Europe/Berlin] PHP Notice:  Undefined variable: user in C:\xampp\htdocs\note\jotter\tpl\header.tpl.php on line 31
[10-Jan-2020 20:21:04 Europe/Berlin] PHP Notice:  Undefined variable: user in C:\xampp\htdocs\note\jotter\tpl\header.tpl.php on line 187
[10-Jan-2020 20:21:04 Europe/Berlin] PHP Notice:  Undefined index: login in C:\xampp\htdocs\note\jotter\tpl\header.tpl.php on line 187
[10-Jan-2020 20:21:31 Europe/Berlin] PHP Warning:  session_set_cookie_params(): Cannot change session cookie parameters when session is active in C:\xampp\htdocs\note\jotter\lib\ext\yoslogin.lib.php on line 187
[10-Jan-2020 20:21:31 Europe/Berlin] PHP Notice:  Undefined variable: user in C:\xampp\htdocs\note\jotter\index.php on line 162
[10-Jan-2020 20:21:31 Europe/Berlin] PHP Notice:  Undefined variable: user in C:\xampp\htdocs\note\jotter\tpl\header.tpl.php on line 31
[10-Jan-2020 20:21:31 Europe/Berlin] PHP Notice:  Undefined variable: user in C:\xampp\htdocs\note\jotter\tpl\header.tpl.php on line 187
[10-Jan-2020 20:21:31 Europe/Berlin] PHP Notice:  Undefined index: login in C:\xampp\htdocs\note\jotter\tpl\header.tpl.php on line 187
[10-Jan-2020 20:30:31 Europe/Berlin] PHP Warning:  DOMDocument::loadHTML(): Unexpected end tag : p in Entity, line: 1 in C:\xampp\htdocs\note\jotter\lib\jotter.class.php on line 298
[10-Jan-2020 20:36:33 Europe/Berlin] PHP Warning:  session_set_cookie_params(): Cannot change session cookie parameters when session is active in C:\xampp\htdocs\note\jotter\lib\ext\yoslogin.lib.php on line 187
[10-Jan-2020 20:36:33 Europe/Berlin] PHP Notice:  Undefined variable: user in C:\xampp\htdocs\note\jotter\index.php on line 162
[10-Jan-2020 20:36:33 Europe/Berlin] PHP Notice:  Undefined variable: user in C:\xampp\htdocs\note\jotter\tpl\header.tpl.php on line 31
[10-Jan-2020 20:36:33 Europe/Berlin] PHP Notice:  Undefined variable: user in C:\xampp\htdocs\note\jotter\tpl\header.tpl.php on line 187
[10-Jan-2020 20:36:33 Europe/Berlin] PHP Notice:  Undefined index: login in C:\xampp\htdocs\note\jotter\tpl\header.tpl.php on line 187
[10-Jan-2020 20:36:34 Europe/Berlin] PHP Notice:  Undefined index: login in C:\xampp\htdocs\note\jotter\tpl\header.tpl.php on line 187
[10-Jan-2020 20:36:40 Europe/Berlin] PHP Notice:  Undefined index: login in C:\xampp\htdocs\note\jotter\tpl\header.tpl.php on line 187
[10-Jan-2020 20:36:40 Europe/Berlin] PHP Notice:  Undefined index: login in C:\xampp\htdocs\note\jotter\tpl\header.tpl.php on line 187
[10-Jan-2020 20:36:41 Europe/Berlin] PHP Notice:  Undefined index: login in C:\xampp\htdocs\note\jotter\tpl\header.tpl.php on line 187
[10-Jan-2020 20:36:44 Europe/Berlin] PHP Notice:  Undefined index: login in C:\xampp\htdocs\note\jotter\tpl\header.tpl.php on line 187
[10-Jan-2020 20:36:44 Europe/Berlin] PHP Notice:  Undefined index: login in C:\xampp\htdocs\note\jotter\tpl\header.tpl.php on line 187
[10-Jan-2020 20:36:49 Europe/Berlin] PHP Notice:  Undefined index: login in C:\xampp\htdocs\note\jotter\tpl\header.tpl.php on line 187
[10-Jan-2020 20:36:50 Europe/Berlin] PHP Notice:  Undefined index: login in C:\xampp\htdocs\note\jotter\tpl\header.tpl.php on line 187
[10-Jan-2020 20:36:50 Europe/Berlin] PHP Notice:  Undefined index: login in C:\xampp\htdocs\note\jotter\tpl\header.tpl.php on line 187
[10-Jan-2020 20:36:50 Europe/Berlin] PHP Notice:  Undefined index: login in C:\xampp\htdocs\note\jotter\tpl\header.tpl.php on line 187
[10-Jan-2020 20:36:52 Europe/Berlin] PHP Notice:  Undefined index: login in C:\xampp\htdocs\note\jotter\tpl\header.tpl.php on line 187
[10-Jan-2020 20:36:56 Europe/Berlin] PHP Notice:  Undefined index: login in C:\xampp\htdocs\note\jotter\tpl\header.tpl.php on line 187
[10-Jan-2020 20:47:51 Europe/Berlin] PHP Notice:  Undefined index: login in C:\xampp\htdocs\investigacion\docs\edit\tpl\header.tpl.php on line 187
[10-Jan-2020 21:01:43 Europe/Berlin] PHP Notice:  Undefined index: login in C:\xampp\htdocs\investigacion\docs\edit\index.php on line 184
[10-Jan-2020 21:01:43 Europe/Berlin] PHP Notice:  Undefined index: login in C:\xampp\htdocs\investigacion\docs\edit\tpl\header.tpl.php on line 187
[10-Jan-2020 21:01:49 Europe/Berlin] PHP Warning:  session_set_cookie_params(): Cannot change session cookie parameters when session is active in C:\xampp\htdocs\investigacion\docs\edit\lib\ext\yoslogin.lib.php on line 187
[10-Jan-2020 21:01:49 Europe/Berlin] PHP Notice:  Undefined variable: user in C:\xampp\htdocs\investigacion\docs\edit\index.php on line 162
[10-Jan-2020 21:01:49 Europe/Berlin] PHP Notice:  Undefined variable: user in C:\xampp\htdocs\investigacion\docs\edit\tpl\header.tpl.php on line 31
[10-Jan-2020 21:01:49 Europe/Berlin] PHP Notice:  Undefined variable: user in C:\xampp\htdocs\investigacion\docs\edit\tpl\header.tpl.php on line 187
[10-Jan-2020 21:01:49 Europe/Berlin] PHP Notice:  Undefined index: login in C:\xampp\htdocs\investigacion\docs\edit\tpl\header.tpl.php on line 187
[10-Jan-2020 21:02:08 Europe/Berlin] PHP Warning:  session_set_cookie_params(): Cannot change session cookie parameters when session is active in C:\xampp\htdocs\investigacion\docs\edit\lib\ext\yoslogin.lib.php on line 187
[10-Jan-2020 21:02:08 Europe/Berlin] PHP Notice:  Undefined variable: user in C:\xampp\htdocs\investigacion\docs\edit\index.php on line 162
[10-Jan-2020 21:02:08 Europe/Berlin] PHP Notice:  Undefined variable: user in C:\xampp\htdocs\investigacion\docs\edit\tpl\header.tpl.php on line 31
[10-Jan-2020 21:02:08 Europe/Berlin] PHP Notice:  Undefined variable: user in C:\xampp\htdocs\investigacion\docs\edit\tpl\header.tpl.php on line 187
[10-Jan-2020 21:02:08 Europe/Berlin] PHP Notice:  Undefined index: login in C:\xampp\htdocs\investigacion\docs\edit\tpl\header.tpl.php on line 187
[10-Jan-2020 21:14:22 Europe/Berlin] PHP Notice:  Undefined index: login in C:\xampp\htdocs\investigacion\edit\tpl\header.tpl.php on line 187
[10-Jan-2020 21:14:36 Europe/Berlin] PHP Notice:  Undefined index: login in C:\xampp\htdocs\investigacion\edit\tpl\header.tpl.php on line 187
[10-Jan-2020 21:21:06 Europe/Berlin] PHP Notice:  Undefined index: login in C:\xampp\htdocs\investigacion\edit\tpl\header.tpl.php on line 187
[10-Jan-2020 21:21:08 Europe/Berlin] PHP Notice:  Undefined index: login in C:\xampp\htdocs\investigacion\edit\tpl\header.tpl.php on line 187
[10-Jan-2020 21:21:17 Europe/Berlin] PHP Notice:  Undefined index: login in C:\xampp\htdocs\investigacion\edit\tpl\header.tpl.php on line 187
[10-Jan-2020 21:21:18 Europe/Berlin] PHP Notice:  Undefined index: login in C:\xampp\htdocs\investigacion\edit\tpl\header.tpl.php on line 187
[10-Jan-2020 21:21:42 Europe/Berlin] PHP Notice:  Undefined index: login in C:\xampp\htdocs\investigacion\edit\tpl\header.tpl.php on line 187
[10-Jan-2020 21:21:43 Europe/Berlin] PHP Notice:  Undefined index: login in C:\xampp\htdocs\investigacion\edit\tpl\header.tpl.php on line 187
[10-Jan-2020 21:21:43 Europe/Berlin] PHP Notice:  Undefined index: login in C:\xampp\htdocs\investigacion\edit\tpl\header.tpl.php on line 187
[10-Jan-2020 21:21:43 Europe/Berlin] PHP Notice:  Undefined index: login in C:\xampp\htdocs\investigacion\edit\tpl\header.tpl.php on line 187
[10-Jan-2020 21:21:43 Europe/Berlin] PHP Notice:  Undefined index: login in C:\xampp\htdocs\investigacion\edit\tpl\header.tpl.php on line 187
[10-Jan-2020 21:21:43 Europe/Berlin] PHP Notice:  Undefined index: login in C:\xampp\htdocs\investigacion\edit\tpl\header.tpl.php on line 187
[10-Jan-2020 21:21:44 Europe/Berlin] PHP Notice:  Undefined index: login in C:\xampp\htdocs\investigacion\edit\tpl\header.tpl.php on line 187
[10-Jan-2020 21:21:58 Europe/Berlin] PHP Warning:  session_set_cookie_params(): Cannot change session cookie parameters when session is active in C:\xampp\htdocs\investigacion\edit\lib\ext\yoslogin.lib.php on line 187
[10-Jan-2020 21:21:58 Europe/Berlin] PHP Notice:  Undefined variable: user in C:\xampp\htdocs\investigacion\edit\index.php on line 162
[10-Jan-2020 21:21:58 Europe/Berlin] PHP Notice:  Undefined variable: user in C:\xampp\htdocs\investigacion\edit\tpl\header.tpl.php on line 31
[10-Jan-2020 21:21:58 Europe/Berlin] PHP Notice:  Undefined variable: user in C:\xampp\htdocs\investigacion\edit\tpl\header.tpl.php on line 187
[10-Jan-2020 21:21:58 Europe/Berlin] PHP Notice:  Undefined index: login in C:\xampp\htdocs\investigacion\edit\tpl\header.tpl.php on line 187
[10-Jan-2020 21:22:37 Europe/Berlin] PHP Notice:  Undefined index: login in C:\xampp\htdocs\investigacion\edit\tpl\header.tpl.php on line 187
[10-Jan-2020 21:22:37 Europe/Berlin] PHP Notice:  Undefined index: login in C:\xampp\htdocs\investigacion\edit\tpl\header.tpl.php on line 187
[10-Jan-2020 21:22:38 Europe/Berlin] PHP Notice:  Undefined index: login in C:\xampp\htdocs\investigacion\edit\tpl\header.tpl.php on line 187
[10-Jan-2020 21:22:56 Europe/Berlin] PHP Notice:  Undefined index: login in C:\xampp\htdocs\investigacion\edit\tpl\header.tpl.php on line 187
[10-Jan-2020 21:22:57 Europe/Berlin] PHP Notice:  Undefined index: login in C:\xampp\htdocs\investigacion\edit\tpl\header.tpl.php on line 187
[10-Jan-2020 21:22:57 Europe/Berlin] PHP Notice:  Undefined index: login in C:\xampp\htdocs\investigacion\edit\tpl\header.tpl.php on line 187
[10-Jan-2020 21:22:57 Europe/Berlin] PHP Notice:  Undefined index: login in C:\xampp\htdocs\investigacion\edit\tpl\header.tpl.php on line 187
[10-Jan-2020 21:22:57 Europe/Berlin] PHP Notice:  Undefined index: login in C:\xampp\htdocs\investigacion\edit\tpl\header.tpl.php on line 187
[10-Jan-2020 21:23:04 Europe/Berlin] PHP Notice:  Undefined index: login in C:\xampp\htdocs\investigacion\edit\tpl\header.tpl.php on line 187
[10-Jan-2020 21:23:05 Europe/Berlin] PHP Notice:  Undefined index: login in C:\xampp\htdocs\investigacion\edit\tpl\header.tpl.php on line 187
[10-Jan-2020 21:23:05 Europe/Berlin] PHP Notice:  Undefined index: login in C:\xampp\htdocs\investigacion\edit\tpl\header.tpl.php on line 187
[10-Jan-2020 21:48:21 Europe/Berlin] PHP Warning:  DOMDocument::loadHTML(): Unexpected end tag : p in Entity, line: 1 in C:\xampp\htdocs\investigacion\edit\lib\jotter.class.php on line 298
[10-Jan-2020 21:48:57 Europe/Berlin] PHP Warning:  session_set_cookie_params(): Cannot change session cookie parameters when session is active in C:\xampp\htdocs\investigacion\edit\lib\ext\yoslogin.lib.php on line 187
[10-Jan-2020 21:48:57 Europe/Berlin] PHP Notice:  Undefined variable: user in C:\xampp\htdocs\investigacion\edit\index.php on line 162
[10-Jan-2020 21:48:57 Europe/Berlin] PHP Notice:  Undefined variable: user in C:\xampp\htdocs\investigacion\edit\tpl\header.tpl.php on line 31
[10-Jan-2020 21:48:57 Europe/Berlin] PHP Notice:  Undefined variable: user in C:\xampp\htdocs\investigacion\edit\tpl\header.tpl.php on line 187
[10-Jan-2020 21:48:57 Europe/Berlin] PHP Notice:  Undefined index: login in C:\xampp\htdocs\investigacion\edit\tpl\header.tpl.php on line 187
[11-Jan-2020 00:34:18 Europe/Berlin] PHP Warning:  session_set_cookie_params(): Cannot change session cookie parameters when session is active in C:\xampp\htdocs\investigacion\edit\lib\ext\yoslogin.lib.php on line 187
[11-Jan-2020 00:34:18 Europe/Berlin] PHP Notice:  Undefined variable: user in C:\xampp\htdocs\investigacion\edit\index.php on line 162
[11-Jan-2020 00:34:18 Europe/Berlin] PHP Notice:  Undefined variable: user in C:\xampp\htdocs\investigacion\edit\tpl\header.tpl.php on line 33
[11-Jan-2020 00:34:18 Europe/Berlin] PHP Notice:  Undefined variable: user in C:\xampp\htdocs\investigacion\edit\tpl\header.tpl.php on line 189
[11-Jan-2020 00:34:18 Europe/Berlin] PHP Notice:  Undefined index: login in C:\xampp\htdocs\investigacion\edit\tpl\header.tpl.php on line 189
[11-Jan-2020 00:34:27 Europe/Berlin] PHP Notice:  Undefined index: login in C:\xampp\htdocs\investigacion\edit\tpl\header.tpl.php on line 189
[11-Jan-2020 01:33:06 Europe/Berlin] PHP Warning:  session_set_cookie_params(): Cannot change session cookie parameters when session is active in C:\xampp\htdocs\investigacion\edit\lib\ext\yoslogin.lib.php on line 187
[11-Jan-2020 01:33:06 Europe/Berlin] PHP Notice:  Undefined variable: user in C:\xampp\htdocs\investigacion\edit\index.php on line 162
[11-Jan-2020 01:33:06 Europe/Berlin] PHP Notice:  Undefined variable: user in C:\xampp\htdocs\investigacion\edit\tpl\header.tpl.php on line 33
[11-Jan-2020 01:33:06 Europe/Berlin] PHP Notice:  Undefined variable: user in C:\xampp\htdocs\investigacion\edit\tpl\header.tpl.php on line 189
[11-Jan-2020 01:33:06 Europe/Berlin] PHP Notice:  Undefined index: login in C:\xampp\htdocs\investigacion\edit\tpl\header.tpl.php on line 189
[29-Jan-2020 16:36:47 Europe/Berlin] PHP Notice:  Undefined index: login in C:\xampp\htdocs\note\editable\tpl\header.tpl.php on line 189
[29-Jan-2020 16:39:51 Europe/Berlin] PHP Warning:  session_set_cookie_params(): Cannot change session cookie parameters when session is active in C:\xampp\htdocs\note\editable\lib\ext\yoslogin.lib.php on line 187
[29-Jan-2020 16:39:51 Europe/Berlin] PHP Notice:  Undefined variable: user in C:\xampp\htdocs\note\editable\index.php on line 162
[29-Jan-2020 16:39:51 Europe/Berlin] PHP Notice:  Undefined variable: user in C:\xampp\htdocs\note\editable\tpl\header.tpl.php on line 33
[29-Jan-2020 16:39:51 Europe/Berlin] PHP Notice:  Undefined variable: user in C:\xampp\htdocs\note\editable\tpl\header.tpl.php on line 189
[29-Jan-2020 16:39:51 Europe/Berlin] PHP Notice:  Undefined index: login in C:\xampp\htdocs\note\editable\tpl\header.tpl.php on line 189
[29-Jan-2020 16:50:55 Europe/Berlin] PHP Notice:  Undefined index: login in C:\xampp\htdocs\note\apuntes\tpl\header.tpl.php on line 189
[29-Jan-2020 16:51:31 Europe/Berlin] PHP Notice:  Undefined index: login in C:\xampp\htdocs\note\apuntes\tpl\header.tpl.php on line 189
[29-Jan-2020 17:01:02 Europe/Berlin] PHP Notice:  Undefined index: login in C:\xampp\htdocs\note\apuntes\tpl\header.tpl.php on line 189
[29-Jan-2020 17:16:42 Europe/Berlin] PHP Notice:  Undefined index: login in C:\xampp\htdocs\note\apuntes\tpl\header.tpl.php on line 189
[29-Jan-2020 17:16:44 Europe/Berlin] PHP Notice:  Undefined index: login in C:\xampp\htdocs\note\apuntes\tpl\header.tpl.php on line 189
[29-Jan-2020 17:17:58 Europe/Berlin] PHP Notice:  Undefined index: login in C:\xampp\htdocs\note\apuntes\tpl\header.tpl.php on line 189
[29-Jan-2020 17:17:59 Europe/Berlin] PHP Notice:  Undefined index: login in C:\xampp\htdocs\note\apuntes\tpl\header.tpl.php on line 189
[29-Jan-2020 17:18:18 Europe/Berlin] PHP Warning:  session_set_cookie_params(): Cannot change session cookie parameters when session is active in C:\xampp\htdocs\note\apuntes\lib\ext\yoslogin.lib.php on line 187
[29-Jan-2020 17:18:18 Europe/Berlin] PHP Notice:  Undefined variable: user in C:\xampp\htdocs\note\apuntes\index.php on line 162
[29-Jan-2020 17:18:18 Europe/Berlin] PHP Notice:  Undefined variable: user in C:\xampp\htdocs\note\apuntes\tpl\header.tpl.php on line 33
[29-Jan-2020 17:18:18 Europe/Berlin] PHP Notice:  Undefined variable: user in C:\xampp\htdocs\note\apuntes\tpl\header.tpl.php on line 189
[29-Jan-2020 17:18:18 Europe/Berlin] PHP Notice:  Undefined index: login in C:\xampp\htdocs\note\apuntes\tpl\header.tpl.php on line 189
[29-Jan-2020 17:18:41 Europe/Berlin] PHP Warning:  session_set_cookie_params(): Cannot change session cookie parameters when session is active in C:\xampp\htdocs\note\apuntes\lib\ext\yoslogin.lib.php on line 187
[29-Jan-2020 17:18:41 Europe/Berlin] PHP Notice:  Undefined variable: user in C:\xampp\htdocs\note\apuntes\index.php on line 162
[29-Jan-2020 17:18:41 Europe/Berlin] PHP Notice:  Undefined variable: user in C:\xampp\htdocs\note\apuntes\tpl\header.tpl.php on line 33
[29-Jan-2020 17:18:41 Europe/Berlin] PHP Notice:  Undefined variable: user in C:\xampp\htdocs\note\apuntes\tpl\header.tpl.php on line 189
[29-Jan-2020 17:18:41 Europe/Berlin] PHP Notice:  Undefined index: login in C:\xampp\htdocs\note\apuntes\tpl\header.tpl.php on line 189
[29-Jan-2020 17:20:25 Europe/Berlin] PHP Notice:  Undefined index: login in C:\xampp\htdocs\note\apuntes\tpl\header.tpl.php on line 189
[29-Jan-2020 17:21:41 Europe/Berlin] PHP Notice:  Undefined index: login in C:\xampp\htdocs\note\apuntes\tpl\header.tpl.php on line 189
[29-Jan-2020 17:22:15 Europe/Berlin] PHP Notice:  Undefined index: login in C:\xampp\htdocs\note\apuntes\tpl\header.tpl.php on line 189
[29-Jan-2020 17:22:16 Europe/Berlin] PHP Notice:  Undefined index: login in C:\xampp\htdocs\note\apuntes\tpl\header.tpl.php on line 189
[29-Jan-2020 17:22:27 Europe/Berlin] PHP Notice:  Undefined index: login in C:\xampp\htdocs\note\apuntes\tpl\header.tpl.php on line 189
[29-Jan-2020 17:23:26 Europe/Berlin] PHP Warning:  session_set_cookie_params(): Cannot change session cookie parameters when session is active in C:\xampp\htdocs\note\apuntes\lib\ext\yoslogin.lib.php on line 187
[29-Jan-2020 17:23:26 Europe/Berlin] PHP Notice:  Undefined variable: user in C:\xampp\htdocs\note\apuntes\index.php on line 162
[29-Jan-2020 17:23:26 Europe/Berlin] PHP Notice:  Undefined variable: user in C:\xampp\htdocs\note\apuntes\tpl\header.tpl.php on line 33
[29-Jan-2020 17:23:26 Europe/Berlin] PHP Notice:  Undefined variable: user in C:\xampp\htdocs\note\apuntes\tpl\header.tpl.php on line 189
[29-Jan-2020 17:23:26 Europe/Berlin] PHP Notice:  Undefined index: login in C:\xampp\htdocs\note\apuntes\tpl\header.tpl.php on line 189
[29-Jan-2020 17:23:33 Europe/Berlin] PHP Notice:  Undefined index: login in C:\xampp\htdocs\note\apuntes\tpl\header.tpl.php on line 189
[29-Jan-2020 17:26:19 Europe/Berlin] PHP Notice:  Undefined index: login in C:\xampp\htdocs\note\apuntes\tpl\header.tpl.php on line 189
[29-Jan-2020 17:28:34 Europe/Berlin] PHP Notice:  Undefined index: login in C:\xampp\htdocs\note\apuntes\tpl\header.tpl.php on line 189
[29-Jan-2020 17:29:54 Europe/Berlin] PHP Notice:  Undefined index: login in C:\xampp\htdocs\note\apuntes\tpl\header.tpl.php on line 189
[29-Jan-2020 17:33:55 Europe/Berlin] PHP Notice:  Undefined index: login in C:\xampp\htdocs\note\apuntes\tpl\header.tpl.php on line 191
[29-Jan-2020 17:34:41 Europe/Berlin] PHP Warning:  session_set_cookie_params(): Cannot change session cookie parameters when session is active in C:\xampp\htdocs\note\apuntes\lib\ext\yoslogin.lib.php on line 187
[29-Jan-2020 17:34:41 Europe/Berlin] PHP Notice:  Undefined variable: user in C:\xampp\htdocs\note\apuntes\index.php on line 162
[29-Jan-2020 17:34:41 Europe/Berlin] PHP Notice:  Undefined variable: user in C:\xampp\htdocs\note\apuntes\tpl\header.tpl.php on line 35
[29-Jan-2020 17:34:41 Europe/Berlin] PHP Notice:  Undefined variable: user in C:\xampp\htdocs\note\apuntes\tpl\header.tpl.php on line 191
[29-Jan-2020 17:34:41 Europe/Berlin] PHP Notice:  Undefined index: login in C:\xampp\htdocs\note\apuntes\tpl\header.tpl.php on line 191
[29-Jan-2020 17:40:25 Europe/Berlin] PHP Notice:  Undefined index: login in C:\xampp\htdocs\note\apuntes\tpl\header.tpl.php on line 191
[29-Jan-2020 17:41:56 Europe/Berlin] PHP Notice:  Undefined index: login in C:\xampp\htdocs\note\apuntes\tpl\header.tpl.php on line 191
[29-Jan-2020 17:43:31 Europe/Berlin] PHP Notice:  Undefined index: login in C:\xampp\htdocs\note\apuntes\tpl\header.tpl.php on line 191
[29-Jan-2020 17:43:32 Europe/Berlin] PHP Notice:  Undefined index: login in C:\xampp\htdocs\note\apuntes\tpl\header.tpl.php on line 191
[29-Jan-2020 17:43:38 Europe/Berlin] PHP Notice:  Undefined index: login in C:\xampp\htdocs\note\apuntes\tpl\header.tpl.php on line 191
[29-Jan-2020 17:49:18 Europe/Berlin] PHP Notice:  Undefined index: login in C:\xampp\htdocs\note\apuntes\tpl\header.tpl.php on line 191
[29-Jan-2020 17:50:40 Europe/Berlin] PHP Notice:  Undefined index: login in C:\xampp\htdocs\note\apuntes\tpl\header.tpl.php on line 191
[29-Jan-2020 18:01:38 Europe/Berlin] PHP Notice:  Undefined index: login in C:\xampp\htdocs\note\apuntes\tpl\header.tpl.php on line 191
[29-Jan-2020 18:01:52 Europe/Berlin] PHP Notice:  Undefined index: login in C:\xampp\htdocs\note\apuntes\tpl\header.tpl.php on line 191
[29-Jan-2020 18:01:58 Europe/Berlin] PHP Notice:  Undefined index: login in C:\xampp\htdocs\note\apuntes\tpl\header.tpl.php on line 191
[29-Jan-2020 18:02:45 Europe/Berlin] PHP Notice:  Undefined index: login in C:\xampp\htdocs\note\apuntes\tpl\header.tpl.php on line 191
[29-Jan-2020 18:02:53 Europe/Berlin] PHP Notice:  Undefined index: login in C:\xampp\htdocs\note\apuntes\tpl\header.tpl.php on line 191
[29-Jan-2020 18:02:55 Europe/Berlin] PHP Notice:  Undefined index: login in C:\xampp\htdocs\note\apuntes\tpl\header.tpl.php on line 191
[29-Jan-2020 18:03:04 Europe/Berlin] PHP Notice:  Undefined index: login in C:\xampp\htdocs\note\apuntes\tpl\header.tpl.php on line 191
[29-Jan-2020 18:04:45 Europe/Berlin] PHP Notice:  Undefined index: login in C:\xampp\htdocs\note\apuntes\tpl\header.tpl.php on line 191
[29-Jan-2020 18:04:48 Europe/Berlin] PHP Notice:  Undefined index: login in C:\xampp\htdocs\note\apuntes\tpl\header.tpl.php on line 191
[29-Jan-2020 18:21:38 Europe/Berlin] PHP Notice:  Undefined index: login in C:\xampp\htdocs\note\apuntes\tpl\header.tpl.php on line 191
[29-Jan-2020 18:24:19 Europe/Berlin] PHP Notice:  Undefined index: login in C:\xampp\htdocs\note\apuntes\tpl\header.tpl.php on line 191
[29-Jan-2020 18:24:22 Europe/Berlin] PHP Notice:  Undefined index: login in C:\xampp\htdocs\note\apuntes\tpl\header.tpl.php on line 191
[29-Jan-2020 18:24:25 Europe/Berlin] PHP Notice:  Undefined index: login in C:\xampp\htdocs\note\apuntes\tpl\header.tpl.php on line 191
[29-Jan-2020 18:24:30 Europe/Berlin] PHP Notice:  Undefined index: login in C:\xampp\htdocs\note\apuntes\tpl\header.tpl.php on line 191
[29-Jan-2020 18:25:45 Europe/Berlin] PHP Notice:  Undefined index: login in C:\xampp\htdocs\note\apuntes\tpl\header.tpl.php on line 191
[29-Jan-2020 18:25:48 Europe/Berlin] PHP Notice:  Undefined index: login in C:\xampp\htdocs\note\apuntes\tpl\header.tpl.php on line 191
[29-Jan-2020 18:25:53 Europe/Berlin] PHP Notice:  Undefined index: login in C:\xampp\htdocs\note\apuntes\tpl\header.tpl.php on line 191
[29-Jan-2020 18:26:03 Europe/Berlin] PHP Notice:  Undefined index: login in C:\xampp\htdocs\note\apuntes\tpl\header.tpl.php on line 191
[29-Jan-2020 18:57:10 Europe/Berlin] PHP Notice:  Undefined index: login in C:\xampp\htdocs\note\apuntes\tpl\header.tpl.php on line 191
[29-Jan-2020 18:57:14 Europe/Berlin] PHP Notice:  Undefined index: login in C:\xampp\htdocs\note\apuntes\tpl\header.tpl.php on line 191
[29-Jan-2020 19:01:16 Europe/Berlin] PHP Notice:  Undefined index: login in C:\xampp\htdocs\note\apuntes\tpl\header.tpl.php on line 191
[29-Jan-2020 19:25:17 Europe/Berlin] PHP Warning:  session_set_cookie_params(): Cannot change session cookie parameters when session is active in C:\xampp\htdocs\note\apuntes\lib\ext\yoslogin.lib.php on line 187
[29-Jan-2020 19:25:17 Europe/Berlin] PHP Notice:  Undefined variable: user in C:\xampp\htdocs\note\apuntes\index.php on line 162
[29-Jan-2020 19:25:17 Europe/Berlin] PHP Notice:  Undefined variable: user in C:\xampp\htdocs\note\apuntes\tpl\header.tpl.php on line 35
[29-Jan-2020 19:25:17 Europe/Berlin] PHP Notice:  Undefined variable: user in C:\xampp\htdocs\note\apuntes\tpl\header.tpl.php on line 191
[29-Jan-2020 19:25:17 Europe/Berlin] PHP Notice:  Undefined index: login in C:\xampp\htdocs\note\apuntes\tpl\header.tpl.php on line 191
[29-Jan-2020 19:37:25 Europe/Berlin] PHP Notice:  Undefined index: login in C:\xampp\htdocs\note\apuntes\tpl\header.tpl.php on line 191
[29-Jan-2020 19:37:36 Europe/Berlin] PHP Notice:  Undefined index: login in C:\xampp\htdocs\note\apuntes\tpl\header.tpl.php on line 191
[29-Jan-2020 19:37:58 Europe/Berlin] PHP Warning:  session_set_cookie_params(): Cannot change session cookie parameters when session is active in C:\xampp\htdocs\note\apuntes\lib\ext\yoslogin.lib.php on line 187
[29-Jan-2020 19:37:58 Europe/Berlin] PHP Notice:  Undefined variable: user in C:\xampp\htdocs\note\apuntes\index.php on line 162
[29-Jan-2020 19:37:58 Europe/Berlin] PHP Notice:  Undefined variable: user in C:\xampp\htdocs\note\apuntes\tpl\header.tpl.php on line 35
[29-Jan-2020 19:37:58 Europe/Berlin] PHP Notice:  Undefined variable: user in C:\xampp\htdocs\note\apuntes\tpl\header.tpl.php on line 191
[29-Jan-2020 19:37:58 Europe/Berlin] PHP Notice:  Undefined index: login in C:\xampp\htdocs\note\apuntes\tpl\header.tpl.php on line 191
[29-Jan-2020 19:37:59 Europe/Berlin] PHP Notice:  Undefined index: login in C:\xampp\htdocs\note\apuntes\tpl\header.tpl.php on line 191
[29-Jan-2020 19:41:24 Europe/Berlin] PHP Warning:  session_set_cookie_params(): Cannot change session cookie parameters when session is active in C:\xampp\htdocs\note\apuntes\lib\ext\yoslogin.lib.php on line 187
[29-Jan-2020 19:41:24 Europe/Berlin] PHP Notice:  Undefined variable: user in C:\xampp\htdocs\note\apuntes\index.php on line 162
[29-Jan-2020 19:41:24 Europe/Berlin] PHP Notice:  Undefined variable: user in C:\xampp\htdocs\note\apuntes\tpl\header.tpl.php on line 35
[29-Jan-2020 19:41:24 Europe/Berlin] PHP Notice:  Undefined variable: user in C:\xampp\htdocs\note\apuntes\tpl\header.tpl.php on line 191
[29-Jan-2020 19:41:24 Europe/Berlin] PHP Notice:  Undefined index: login in C:\xampp\htdocs\note\apuntes\tpl\header.tpl.php on line 191
[29-Jan-2020 19:42:05 Europe/Berlin] PHP Warning:  session_set_cookie_params(): Cannot change session cookie parameters when session is active in C:\xampp\htdocs\note\apuntes\lib\ext\yoslogin.lib.php on line 187
[29-Jan-2020 19:42:05 Europe/Berlin] PHP Notice:  Undefined variable: user in C:\xampp\htdocs\note\apuntes\index.php on line 162
[29-Jan-2020 19:42:05 Europe/Berlin] PHP Notice:  Undefined variable: user in C:\xampp\htdocs\note\apuntes\tpl\header.tpl.php on line 35
[29-Jan-2020 19:42:05 Europe/Berlin] PHP Notice:  Undefined variable: user in C:\xampp\htdocs\note\apuntes\tpl\header.tpl.php on line 191
[29-Jan-2020 19:42:05 Europe/Berlin] PHP Notice:  Undefined index: login in C:\xampp\htdocs\note\apuntes\tpl\header.tpl.php on line 191
[29-Jan-2020 19:46:05 Europe/Berlin] PHP Notice:  Undefined index: login in C:\xampp\htdocs\note\apuntes\tpl\header.tpl.php on line 191
[30-Jan-2020 19:33:31 Europe/Berlin] PHP Notice:  Undefined index: login in C:\xampp\htdocs\note\apuntes\tpl\header.tpl.php on line 191
[31-Jan-2020 16:35:38 Europe/Berlin] PHP Notice:  Undefined index: login in C:\xampp\htdocs\note\apuntes\tpl\header.tpl.php on line 191
[04-Feb-2020 20:09:09 Europe/Berlin] PHP Warning:  session_set_cookie_params(): Cannot change session cookie parameters when session is active in C:\xampp\htdocs\note\apuntes\lib\ext\yoslogin.lib.php on line 187
[04-Feb-2020 20:09:09 Europe/Berlin] PHP Notice:  Undefined variable: user in C:\xampp\htdocs\note\apuntes\index.php on line 162
[04-Feb-2020 20:09:09 Europe/Berlin] PHP Notice:  Undefined variable: user in C:\xampp\htdocs\note\apuntes\tpl\header.tpl.php on line 35
[04-Feb-2020 20:09:09 Europe/Berlin] PHP Notice:  Undefined variable: user in C:\xampp\htdocs\note\apuntes\tpl\header.tpl.php on line 191
[04-Feb-2020 20:09:09 Europe/Berlin] PHP Notice:  Undefined index: login in C:\xampp\htdocs\note\apuntes\tpl\header.tpl.php on line 191
[04-Feb-2020 20:35:42 Europe/Berlin] PHP Warning:  session_set_cookie_params(): Cannot change session cookie parameters when session is active in C:\xampp\htdocs\note\apuntes\lib\ext\yoslogin.lib.php on line 187
[04-Feb-2020 20:35:42 Europe/Berlin] PHP Notice:  Undefined variable: user in C:\xampp\htdocs\note\apuntes\index.php on line 162
[04-Feb-2020 20:35:42 Europe/Berlin] PHP Notice:  Undefined variable: user in C:\xampp\htdocs\note\apuntes\tpl\header.tpl.php on line 44
[04-Feb-2020 20:35:42 Europe/Berlin] PHP Notice:  Undefined variable: user in C:\xampp\htdocs\note\apuntes\tpl\header.tpl.php on line 212
[04-Feb-2020 20:35:42 Europe/Berlin] PHP Notice:  Undefined index: login in C:\xampp\htdocs\note\apuntes\tpl\header.tpl.php on line 212
[04-Feb-2020 20:35:45 Europe/Berlin] PHP Notice:  Undefined index: login in C:\xampp\htdocs\note\apuntes\tpl\header.tpl.php on line 212
[04-Feb-2020 20:36:28 Europe/Berlin] PHP Notice:  Undefined index: login in C:\xampp\htdocs\note\apuntes\tpl\header.tpl.php on line 212
[04-Feb-2020 20:36:34 Europe/Berlin] PHP Notice:  Undefined index: login in C:\xampp\htdocs\note\apuntes\tpl\header.tpl.php on line 212
[04-Feb-2020 21:16:41 Europe/Berlin] PHP Warning:  session_set_cookie_params(): Cannot change session cookie parameters when session is active in C:\xampp\htdocs\note\apuntes\lib\ext\yoslogin.lib.php on line 187
[04-Feb-2020 21:16:41 Europe/Berlin] PHP Notice:  Undefined variable: user in C:\xampp\htdocs\note\apuntes\index.php on line 162
[04-Feb-2020 21:16:41 Europe/Berlin] PHP Notice:  Undefined variable: user in C:\xampp\htdocs\note\apuntes\tpl\header.tpl.php on line 36
[04-Feb-2020 21:16:41 Europe/Berlin] PHP Notice:  Undefined variable: user in C:\xampp\htdocs\note\apuntes\tpl\header.tpl.php on line 208
[04-Feb-2020 21:16:41 Europe/Berlin] PHP Notice:  Undefined index: login in C:\xampp\htdocs\note\apuntes\tpl\header.tpl.php on line 208
[04-Feb-2020 21:19:35 Europe/Berlin] PHP Warning:  session_set_cookie_params(): Cannot change session cookie parameters when session is active in C:\xampp\htdocs\note\apuntes\lib\ext\yoslogin.lib.php on line 187
[04-Feb-2020 21:19:35 Europe/Berlin] PHP Notice:  Undefined variable: user in C:\xampp\htdocs\note\apuntes\index.php on line 162
[04-Feb-2020 21:19:35 Europe/Berlin] PHP Notice:  Undefined variable: user in C:\xampp\htdocs\note\apuntes\tpl\header.tpl.php on line 36
[04-Feb-2020 21:19:35 Europe/Berlin] PHP Notice:  Undefined variable: user in C:\xampp\htdocs\note\apuntes\tpl\header.tpl.php on line 208
[04-Feb-2020 21:19:35 Europe/Berlin] PHP Notice:  Undefined index: login in C:\xampp\htdocs\note\apuntes\tpl\header.tpl.php on line 208
[04-Feb-2020 21:42:58 Europe/Berlin] PHP Warning:  session_set_cookie_params(): Cannot change session cookie parameters when session is active in C:\xampp\htdocs\note\apuntes\lib\ext\yoslogin.lib.php on line 187
[04-Feb-2020 21:42:58 Europe/Berlin] PHP Notice:  Undefined variable: user in C:\xampp\htdocs\note\apuntes\index.php on line 162
[04-Feb-2020 21:42:58 Europe/Berlin] PHP Notice:  Undefined variable: user in C:\xampp\htdocs\note\apuntes\tpl\header.tpl.php on line 38
[04-Feb-2020 21:42:58 Europe/Berlin] PHP Notice:  Undefined variable: user in C:\xampp\htdocs\note\apuntes\tpl\header.tpl.php on line 220
[04-Feb-2020 21:42:58 Europe/Berlin] PHP Notice:  Undefined index: login in C:\xampp\htdocs\note\apuntes\tpl\header.tpl.php on line 220
[04-Feb-2020 22:02:41 Europe/Berlin] PHP Warning:  session_set_cookie_params(): Cannot change session cookie parameters when session is active in C:\xampp\htdocs\note\apuntes\lib\ext\yoslogin.lib.php on line 187
[04-Feb-2020 22:02:41 Europe/Berlin] PHP Notice:  Undefined variable: user in C:\xampp\htdocs\note\apuntes\index.php on line 162
[04-Feb-2020 22:02:41 Europe/Berlin] PHP Notice:  Undefined variable: user in C:\xampp\htdocs\note\apuntes\tpl\header.tpl.php on line 38
[04-Feb-2020 22:02:41 Europe/Berlin] PHP Notice:  Undefined variable: user in C:\xampp\htdocs\note\apuntes\tpl\header.tpl.php on line 220
[04-Feb-2020 22:02:41 Europe/Berlin] PHP Notice:  Undefined index: login in C:\xampp\htdocs\note\apuntes\tpl\header.tpl.php on line 220
[05-Feb-2020 06:44:27 Europe/Berlin] PHP Notice:  Undefined index: login in /Applications/MAMP/htdocs/note/apuntes/tpl/header.tpl.php on line 220
[05-Feb-2020 06:49:31 Europe/Berlin] PHP Notice:  Undefined variable: user in /Applications/MAMP/htdocs/note/apuntes/index.php on line 162
[05-Feb-2020 06:49:31 Europe/Berlin] PHP Notice:  Undefined variable: user in /Applications/MAMP/htdocs/note/apuntes/tpl/header.tpl.php on line 38
[05-Feb-2020 06:49:31 Europe/Berlin] PHP Notice:  Undefined variable: user in /Applications/MAMP/htdocs/note/apuntes/tpl/header.tpl.php on line 220
[05-Feb-2020 06:49:31 Europe/Berlin] PHP Notice:  Undefined index: login in /Applications/MAMP/htdocs/note/apuntes/tpl/header.tpl.php on line 220
[05-Feb-2020 07:19:15 Europe/Berlin] PHP Notice:  Undefined variable: user in /Applications/MAMP/htdocs/note/apuntes/index.php on line 162
[05-Feb-2020 07:19:15 Europe/Berlin] PHP Notice:  Undefined variable: user in /Applications/MAMP/htdocs/note/apuntes/tpl/header.tpl.php on line 38
[05-Feb-2020 07:19:15 Europe/Berlin] PHP Notice:  Undefined variable: user in /Applications/MAMP/htdocs/note/apuntes/tpl/header.tpl.php on line 220
[05-Feb-2020 07:19:15 Europe/Berlin] PHP Notice:  Undefined index: login in /Applications/MAMP/htdocs/note/apuntes/tpl/header.tpl.php on line 220
[05-Feb-2020 07:50:09 Europe/Berlin] PHP Notice:  Undefined variable: user in /Applications/MAMP/htdocs/note/apuntes/index.php on line 162
[05-Feb-2020 07:50:09 Europe/Berlin] PHP Notice:  Undefined variable: user in /Applications/MAMP/htdocs/note/apuntes/tpl/header.tpl.php on line 38
[05-Feb-2020 07:50:09 Europe/Berlin] PHP Notice:  Undefined variable: user in /Applications/MAMP/htdocs/note/apuntes/tpl/header.tpl.php on line 220
[05-Feb-2020 07:50:09 Europe/Berlin] PHP Notice:  Undefined index: login in /Applications/MAMP/htdocs/note/apuntes/tpl/header.tpl.php on line 220
[05-Feb-2020 07:56:58 Europe/Berlin] PHP Notice:  Undefined variable: editItem in /Applications/MAMP/htdocs/note/apuntes/tpl/itemForm.tpl.php on line 9
[05-Feb-2020 07:57:00 Europe/Berlin] PHP Notice:  Undefined variable: editItem in /Applications/MAMP/htdocs/note/apuntes/tpl/itemForm.tpl.php on line 9
[06-Feb-2020 05:50:34 Europe/Berlin] PHP Notice:  Undefined index: login in /Applications/MAMP/htdocs/note/apuntes/tpl/header.tpl.php on line 220
[06-Feb-2020 05:56:07 Europe/Berlin] PHP Parse error:  syntax error, unexpected end of file in /Applications/MAMP/htdocs/note/apuntes/tpl/itemForm.tpl.php on line 25
[06-Feb-2020 05:56:17 Europe/Berlin] PHP Parse error:  syntax error, unexpected end of file in /Applications/MAMP/htdocs/note/apuntes/tpl/itemForm.tpl.php on line 25
[06-Feb-2020 05:56:17 Europe/Berlin] PHP Parse error:  syntax error, unexpected end of file in /Applications/MAMP/htdocs/note/apuntes/tpl/itemForm.tpl.php on line 25
[06-Feb-2020 05:56:55 Europe/Berlin] PHP Parse error:  syntax error, unexpected end of file in /Applications/MAMP/htdocs/note/apuntes/tpl/itemForm.tpl.php on line 25
[06-Feb-2020 05:56:55 Europe/Berlin] PHP Parse error:  syntax error, unexpected end of file in /Applications/MAMP/htdocs/note/apuntes/tpl/itemForm.tpl.php on line 25
[06-Feb-2020 05:57:27 Europe/Berlin] PHP Parse error:  syntax error, unexpected end of file in /Applications/MAMP/htdocs/note/apuntes/tpl/itemForm.tpl.php on line 25
[06-Feb-2020 05:57:28 Europe/Berlin] PHP Parse error:  syntax error, unexpected end of file in /Applications/MAMP/htdocs/note/apuntes/tpl/itemForm.tpl.php on line 25
[06-Feb-2020 05:58:26 Europe/Berlin] PHP Parse error:  syntax error, unexpected end of file in /Applications/MAMP/htdocs/note/apuntes/tpl/itemForm.tpl.php on line 25
[06-Feb-2020 05:58:27 Europe/Berlin] PHP Parse error:  syntax error, unexpected end of file in /Applications/MAMP/htdocs/note/apuntes/tpl/itemForm.tpl.php on line 25
[06-Feb-2020 06:00:20 Europe/Berlin] PHP Warning:  A non-numeric value encountered in /Applications/MAMP/htdocs/note/apuntes/tpl/itemForm.tpl.php on line 9
[06-Feb-2020 06:00:20 Europe/Berlin] PHP Warning:  A non-numeric value encountered in /Applications/MAMP/htdocs/note/apuntes/tpl/itemForm.tpl.php on line 10
[06-Feb-2020 06:00:37 Europe/Berlin] PHP Warning:  A non-numeric value encountered in /Applications/MAMP/htdocs/note/apuntes/tpl/itemForm.tpl.php on line 9
[06-Feb-2020 06:00:37 Europe/Berlin] PHP Warning:  A non-numeric value encountered in /Applications/MAMP/htdocs/note/apuntes/tpl/itemForm.tpl.php on line 10
[06-Feb-2020 06:25:49 Europe/Berlin] PHP Notice:  Undefined variable: user in /Applications/MAMP/htdocs/note/apuntes/index.php on line 162
[06-Feb-2020 06:25:49 Europe/Berlin] PHP Notice:  Undefined variable: user in /Applications/MAMP/htdocs/note/apuntes/tpl/header.tpl.php on line 38
[06-Feb-2020 06:25:49 Europe/Berlin] PHP Notice:  Undefined variable: user in /Applications/MAMP/htdocs/note/apuntes/tpl/header.tpl.php on line 220
[06-Feb-2020 06:25:49 Europe/Berlin] PHP Notice:  Undefined index: login in /Applications/MAMP/htdocs/note/apuntes/tpl/header.tpl.php on line 220
[06-Feb-2020 06:26:23 Europe/Berlin] PHP Notice:  Undefined index: login in /Applications/MAMP/htdocs/note/apuntes/tpl/header.tpl.php on line 220
[06-Feb-2020 06:27:35 Europe/Berlin] PHP Notice:  Undefined index: login in /Applications/MAMP/htdocs/note/apuntes/tpl/header.tpl.php on line 220
[06-Feb-2020 06:59:39 Europe/Berlin] PHP Notice:  Undefined index: login in /Applications/MAMP/htdocs/note/apuntes/tpl/header.tpl.php on line 220
[06-Feb-2020 06:59:54 Europe/Berlin] PHP Notice:  Undefined index: login in /Applications/MAMP/htdocs/note/apuntes/tpl/header.tpl.php on line 220
[07-Feb-2020 06:57:47 Europe/Berlin] PHP Notice:  Undefined variable: user in /Applications/MAMP/htdocs/note/apuntes/index.php on line 162
[07-Feb-2020 06:57:47 Europe/Berlin] PHP Notice:  Undefined variable: user in /Applications/MAMP/htdocs/note/apuntes/tpl/header.tpl.php on line 38
[07-Feb-2020 06:57:47 Europe/Berlin] PHP Notice:  Undefined variable: user in /Applications/MAMP/htdocs/note/apuntes/tpl/header.tpl.php on line 225
[07-Feb-2020 06:57:47 Europe/Berlin] PHP Notice:  Undefined index: login in /Applications/MAMP/htdocs/note/apuntes/tpl/header.tpl.php on line 225
[07-Feb-2020 06:58:12 Europe/Berlin] PHP Notice:  Undefined index: login in /Applications/MAMP/htdocs/note/apuntes/tpl/header.tpl.php on line 225
[07-Feb-2020 06:58:30 Europe/Berlin] PHP Notice:  Undefined index: login in /Applications/MAMP/htdocs/note/apuntes/tpl/header.tpl.php on line 225
[07-Feb-2020 07:01:44 Europe/Berlin] PHP Notice:  Undefined variable: user in /Applications/MAMP/htdocs/note/apuntes/index.php on line 162
[07-Feb-2020 07:01:44 Europe/Berlin] PHP Notice:  Undefined variable: user in /Applications/MAMP/htdocs/note/apuntes/tpl/header.tpl.php on line 38
[07-Feb-2020 07:01:44 Europe/Berlin] PHP Notice:  Undefined variable: user in /Applications/MAMP/htdocs/note/apuntes/tpl/header.tpl.php on line 225
[07-Feb-2020 07:01:44 Europe/Berlin] PHP Notice:  Undefined index: login in /Applications/MAMP/htdocs/note/apuntes/tpl/header.tpl.php on line 225
[07-Feb-2020 07:03:27 Europe/Berlin] PHP Notice:  Undefined index: login in /Applications/MAMP/htdocs/note/apuntes/tpl/header.tpl.php on line 225
[07-Feb-2020 07:05:07 Europe/Berlin] PHP Notice:  Undefined index: login in /Applications/MAMP/htdocs/note/apuntes/tpl/header.tpl.php on line 225
[07-Feb-2020 07:05:32 Europe/Berlin] PHP Notice:  Undefined index: login in /Applications/MAMP/htdocs/note/apuntes/tpl/header.tpl.php on line 225
[07-Feb-2020 07:05:43 Europe/Berlin] PHP Notice:  Undefined index: login in /Applications/MAMP/htdocs/note/apuntes/tpl/header.tpl.php on line 225
[07-Feb-2020 07:05:49 Europe/Berlin] PHP Notice:  Undefined index: login in /Applications/MAMP/htdocs/note/apuntes/tpl/header.tpl.php on line 225
[07-Feb-2020 07:05:51 Europe/Berlin] PHP Notice:  Undefined index: login in /Applications/MAMP/htdocs/note/apuntes/tpl/header.tpl.php on line 225
[07-Feb-2020 07:05:58 Europe/Berlin] PHP Notice:  Undefined index: login in /Applications/MAMP/htdocs/note/apuntes/tpl/header.tpl.php on line 225
[07-Feb-2020 07:06:05 Europe/Berlin] PHP Notice:  Undefined index: login in /Applications/MAMP/htdocs/note/apuntes/tpl/header.tpl.php on line 225
[07-Feb-2020 07:06:22 Europe/Berlin] PHP Notice:  Undefined index: login in /Applications/MAMP/htdocs/note/apuntes/tpl/header.tpl.php on line 225
[07-Feb-2020 07:06:55 Europe/Berlin] PHP Notice:  Undefined index: login in /Applications/MAMP/htdocs/note/apuntes/tpl/header.tpl.php on line 225
[07-Feb-2020 07:07:08 Europe/Berlin] PHP Notice:  Undefined index: login in /Applications/MAMP/htdocs/note/apuntes/tpl/header.tpl.php on line 225
[07-Feb-2020 07:07:21 Europe/Berlin] PHP Notice:  Undefined index: login in /Applications/MAMP/htdocs/note/apuntes/tpl/header.tpl.php on line 225
[07-Feb-2020 07:08:55 Europe/Berlin] PHP Notice:  Undefined index: login in /Applications/MAMP/htdocs/note/apuntes/tpl/header.tpl.php on line 225
[07-Feb-2020 07:08:56 Europe/Berlin] PHP Notice:  Undefined index: login in /Applications/MAMP/htdocs/note/apuntes/tpl/header.tpl.php on line 225
[07-Feb-2020 07:31:31 Europe/Berlin] PHP Notice:  Undefined variable: user in /Applications/MAMP/htdocs/note/apuntes/index.php on line 162
[07-Feb-2020 07:31:31 Europe/Berlin] PHP Notice:  Undefined variable: user in /Applications/MAMP/htdocs/note/apuntes/tpl/header.tpl.php on line 38
[07-Feb-2020 07:31:31 Europe/Berlin] PHP Notice:  Undefined variable: user in /Applications/MAMP/htdocs/note/apuntes/tpl/header.tpl.php on line 221
[07-Feb-2020 07:31:31 Europe/Berlin] PHP Notice:  Undefined index: login in /Applications/MAMP/htdocs/note/apuntes/tpl/header.tpl.php on line 221
[07-Feb-2020 07:32:32 Europe/Berlin] PHP Notice:  Undefined variable: user in /Applications/MAMP/htdocs/note/apuntes/index.php on line 162
[07-Feb-2020 07:32:32 Europe/Berlin] PHP Notice:  Undefined variable: user in /Applications/MAMP/htdocs/note/apuntes/tpl/header.tpl.php on line 38
[07-Feb-2020 07:32:32 Europe/Berlin] PHP Notice:  Undefined variable: user in /Applications/MAMP/htdocs/note/apuntes/tpl/header.tpl.php on line 221
[07-Feb-2020 07:32:32 Europe/Berlin] PHP Notice:  Undefined index: login in /Applications/MAMP/htdocs/note/apuntes/tpl/header.tpl.php on line 221
[07-Feb-2020 07:55:58 Europe/Berlin] PHP Notice:  Undefined variable: user in /Applications/MAMP/htdocs/note/apuntes/index.php on line 162
[07-Feb-2020 07:55:58 Europe/Berlin] PHP Notice:  Undefined variable: user in /Applications/MAMP/htdocs/note/apuntes/tpl/header.tpl.php on line 38
[07-Feb-2020 07:55:58 Europe/Berlin] PHP Notice:  Undefined variable: user in /Applications/MAMP/htdocs/note/apuntes/tpl/header.tpl.php on line 221
[07-Feb-2020 07:55:58 Europe/Berlin] PHP Notice:  Undefined index: login in /Applications/MAMP/htdocs/note/apuntes/tpl/header.tpl.php on line 221
[07-Feb-2020 07:56:07 Europe/Berlin] PHP Notice:  Undefined index: login in /Applications/MAMP/htdocs/note/apuntes/tpl/header.tpl.php on line 221
[07-Feb-2020 14:37:48 Europe/Berlin] PHP Notice:  Undefined variable: user in /Applications/MAMP/htdocs/note/apuntes/index.php on line 162
[07-Feb-2020 14:37:48 Europe/Berlin] PHP Notice:  Undefined variable: user in /Applications/MAMP/htdocs/note/apuntes/tpl/header.tpl.php on line 38
[07-Feb-2020 14:37:48 Europe/Berlin] PHP Notice:  Undefined variable: user in /Applications/MAMP/htdocs/note/apuntes/tpl/header.tpl.php on line 221
[07-Feb-2020 14:37:48 Europe/Berlin] PHP Notice:  Undefined index: login in /Applications/MAMP/htdocs/note/apuntes/tpl/header.tpl.php on line 221
[08-Feb-2020 00:40:43 Europe/Berlin] PHP Warning:  session_set_cookie_params(): Cannot change session cookie parameters when session is active in C:\xampp\htdocs\note\apuntes\lib\ext\yoslogin.lib.php on line 187
[08-Feb-2020 00:40:43 Europe/Berlin] PHP Notice:  Undefined variable: user in C:\xampp\htdocs\note\apuntes\index.php on line 162
[08-Feb-2020 00:40:43 Europe/Berlin] PHP Notice:  Undefined variable: user in C:\xampp\htdocs\note\apuntes\tpl\header.tpl.php on line 38
[08-Feb-2020 00:40:43 Europe/Berlin] PHP Notice:  Undefined variable: user in C:\xampp\htdocs\note\apuntes\tpl\header.tpl.php on line 221
[08-Feb-2020 00:40:43 Europe/Berlin] PHP Notice:  Undefined index: login in C:\xampp\htdocs\note\apuntes\tpl\header.tpl.php on line 221
[08-Feb-2020 00:40:57 Europe/Berlin] PHP Notice:  Undefined index: login in C:\xampp\htdocs\note\apuntes\tpl\header.tpl.php on line 221
[08-Feb-2020 00:42:05 Europe/Berlin] PHP Notice:  Undefined index: login in C:\xampp\htdocs\note\apuntes\tpl\header.tpl.php on line 221
[08-Feb-2020 02:00:49 Europe/Berlin] PHP Warning:  DOMDocument::loadHTML(): Unexpected end tag : h5 in Entity, line: 1 in C:\xampp\htdocs\note\apuntes\lib\jotter.class.php on line 298
[08-Feb-2020 02:43:35 Europe/Berlin] PHP Warning:  session_set_cookie_params(): Cannot change session cookie parameters when session is active in C:\xampp\htdocs\note\apuntes\lib\ext\yoslogin.lib.php on line 187
[08-Feb-2020 02:43:35 Europe/Berlin] PHP Notice:  Undefined variable: user in C:\xampp\htdocs\note\apuntes\index.php on line 162
[08-Feb-2020 02:43:35 Europe/Berlin] PHP Notice:  Undefined variable: user in C:\xampp\htdocs\note\apuntes\tpl\header.tpl.php on line 38
[08-Feb-2020 02:43:35 Europe/Berlin] PHP Notice:  Undefined variable: user in C:\xampp\htdocs\note\apuntes\tpl\header.tpl.php on line 221
[08-Feb-2020 02:43:35 Europe/Berlin] PHP Notice:  Undefined index: login in C:\xampp\htdocs\note\apuntes\tpl\header.tpl.php on line 221
[09-Feb-2020 03:48:09 Europe/Berlin] PHP Notice:  Undefined index: login in /Applications/MAMP/htdocs/note/edit/tpl/header.tpl.php on line 221
[09-Feb-2020 03:48:44 Europe/Berlin] PHP Notice:  Undefined index: login in /Applications/MAMP/htdocs/note/edit/tpl/header.tpl.php on line 221
[09-Feb-2020 03:49:33 Europe/Berlin] PHP Notice:  Undefined index: login in /Applications/MAMP/htdocs/note/edit/tpl/header.tpl.php on line 221
[09-Feb-2020 03:50:13 Europe/Berlin] PHP Notice:  Undefined index: login in /Applications/MAMP/htdocs/note/edit/tpl/header.tpl.php on line 221
[09-Feb-2020 04:09:02 Europe/Berlin] PHP Notice:  Undefined index: login in /Applications/MAMP/htdocs/note/edit/tpl/header.tpl.php on line 221
[09-Feb-2020 04:17:05 Europe/Berlin] PHP Notice:  Undefined index: login in /Applications/MAMP/htdocs/note/edit/tpl/header.tpl.php on line 221
[09-Feb-2020 04:20:33 Europe/Berlin] PHP Notice:  Undefined index: login in /Applications/MAMP/htdocs/note/edit/tpl/header.tpl.php on line 221
[09-Feb-2020 04:20:38 Europe/Berlin] PHP Notice:  Undefined index: login in /Applications/MAMP/htdocs/note/edit/tpl/header.tpl.php on line 221
[09-Feb-2020 04:20:59 Europe/Berlin] PHP Notice:  Undefined index: login in /Applications/MAMP/htdocs/note/edit/tpl/header.tpl.php on line 221
[09-Feb-2020 04:21:14 Europe/Berlin] PHP Notice:  Undefined index: login in /Applications/MAMP/htdocs/note/edit/tpl/header.tpl.php on line 221
[09-Feb-2020 04:22:24 Europe/Berlin] PHP Notice:  Undefined index: login in /Applications/MAMP/htdocs/note/edit/tpl/header.tpl.php on line 220
[09-Feb-2020 04:22:42 Europe/Berlin] PHP Notice:  Undefined index: login in /Applications/MAMP/htdocs/note/edit/tpl/header.tpl.php on line 220
[09-Feb-2020 04:22:50 Europe/Berlin] PHP Notice:  Undefined index: login in /Applications/MAMP/htdocs/note/edit/tpl/header.tpl.php on line 220
[09-Feb-2020 04:22:57 Europe/Berlin] PHP Notice:  Undefined index: login in /Applications/MAMP/htdocs/note/edit/tpl/header.tpl.php on line 220
[09-Feb-2020 04:24:07 Europe/Berlin] PHP Notice:  Undefined index: login in /Applications/MAMP/htdocs/note/edit/tpl/header.tpl.php on line 220
[09-Feb-2020 04:24:20 Europe/Berlin] PHP Notice:  Undefined index: login in /Applications/MAMP/htdocs/note/edit/tpl/header.tpl.php on line 220
[09-Feb-2020 04:24:26 Europe/Berlin] PHP Notice:  Undefined index: login in /Applications/MAMP/htdocs/note/edit/tpl/header.tpl.php on line 220
[09-Feb-2020 04:24:55 Europe/Berlin] PHP Notice:  Undefined index: login in /Applications/MAMP/htdocs/note/edit/tpl/header.tpl.php on line 220
[09-Feb-2020 04:25:03 Europe/Berlin] PHP Notice:  Undefined index: login in /Applications/MAMP/htdocs/note/edit/tpl/header.tpl.php on line 220
[09-Feb-2020 04:25:35 Europe/Berlin] PHP Notice:  Undefined index: login in /Applications/MAMP/htdocs/note/edit/tpl/header.tpl.php on line 220
[09-Feb-2020 04:26:27 Europe/Berlin] PHP Notice:  Undefined index: login in /Applications/MAMP/htdocs/note/edit/tpl/header.tpl.php on line 220
[09-Feb-2020 04:31:56 Europe/Berlin] PHP Notice:  Undefined index: login in /Applications/MAMP/htdocs/note/edit/tpl/header.tpl.php on line 220
[09-Feb-2020 05:13:48 Europe/Berlin] PHP Notice:  Undefined variable: user in /Applications/MAMP/htdocs/note/edit/index.php on line 162
[09-Feb-2020 05:13:48 Europe/Berlin] PHP Notice:  Undefined variable: user in /Applications/MAMP/htdocs/note/edit/tpl/header.tpl.php on line 38
[09-Feb-2020 05:13:48 Europe/Berlin] PHP Notice:  Undefined variable: user in /Applications/MAMP/htdocs/note/edit/tpl/header.tpl.php on line 220
[09-Feb-2020 05:13:48 Europe/Berlin] PHP Notice:  Undefined index: login in /Applications/MAMP/htdocs/note/edit/tpl/header.tpl.php on line 220
[09-Feb-2020 05:15:09 Europe/Berlin] PHP Notice:  Undefined index: login in /Applications/MAMP/htdocs/note/edit/tpl/header.tpl.php on line 220
[09-Feb-2020 05:53:43 Europe/Berlin] PHP Notice:  Undefined variable: user in /Applications/MAMP/htdocs/note/edit/index.php on line 162
[09-Feb-2020 05:53:43 Europe/Berlin] PHP Notice:  Undefined variable: user in /Applications/MAMP/htdocs/note/edit/tpl/header.tpl.php on line 38
[09-Feb-2020 05:53:43 Europe/Berlin] PHP Notice:  Undefined variable: user in /Applications/MAMP/htdocs/note/edit/tpl/header.tpl.php on line 220
[09-Feb-2020 05:53:43 Europe/Berlin] PHP Notice:  Undefined index: login in /Applications/MAMP/htdocs/note/edit/tpl/header.tpl.php on line 220
[09-Feb-2020 06:04:11 Europe/Berlin] PHP Notice:  Undefined variable: user in /Applications/MAMP/htdocs/note/edit/index.php on line 162
[09-Feb-2020 06:04:11 Europe/Berlin] PHP Notice:  Undefined variable: user in /Applications/MAMP/htdocs/note/edit/tpl/header.tpl.php on line 38
[09-Feb-2020 06:04:11 Europe/Berlin] PHP Notice:  Undefined variable: user in /Applications/MAMP/htdocs/note/edit/tpl/header.tpl.php on line 220
[09-Feb-2020 06:04:11 Europe/Berlin] PHP Notice:  Undefined index: login in /Applications/MAMP/htdocs/note/edit/tpl/header.tpl.php on line 220
[09-Feb-2020 06:04:20 Europe/Berlin] PHP Notice:  Undefined index: login in /Applications/MAMP/htdocs/note/edit/tpl/header.tpl.php on line 220
[11-Feb-2020 01:25:12 Europe/Berlin] PHP Notice:  Undefined variable: user in /Applications/MAMP/htdocs/note/edit/index.php on line 162
[11-Feb-2020 01:25:12 Europe/Berlin] PHP Notice:  Undefined variable: user in /Applications/MAMP/htdocs/note/edit/tpl/header.tpl.php on line 38
[11-Feb-2020 01:25:12 Europe/Berlin] PHP Notice:  Undefined variable: user in /Applications/MAMP/htdocs/note/edit/tpl/header.tpl.php on line 220
[11-Feb-2020 01:25:12 Europe/Berlin] PHP Notice:  Undefined index: login in /Applications/MAMP/htdocs/note/edit/tpl/header.tpl.php on line 220
[11-Feb-2020 01:25:24 Europe/Berlin] PHP Notice:  Undefined index: login in /Applications/MAMP/htdocs/note/edit/tpl/header.tpl.php on line 220
[11-Feb-2020 01:25:54 Europe/Berlin] PHP Notice:  Undefined index: login in /Applications/MAMP/htdocs/note/edit/tpl/header.tpl.php on line 220
[11-Feb-2020 02:31:49 Europe/Berlin] PHP Notice:  Undefined variable: user in /Applications/MAMP/htdocs/note/edit/index.php on line 162
[11-Feb-2020 02:31:49 Europe/Berlin] PHP Notice:  Undefined variable: user in /Applications/MAMP/htdocs/note/edit/tpl/header.tpl.php on line 38
[11-Feb-2020 02:31:49 Europe/Berlin] PHP Notice:  Undefined variable: user in /Applications/MAMP/htdocs/note/edit/tpl/header.tpl.php on line 220
[11-Feb-2020 02:31:49 Europe/Berlin] PHP Notice:  Undefined index: login in /Applications/MAMP/htdocs/note/edit/tpl/header.tpl.php on line 220
[11-Feb-2020 02:32:10 Europe/Berlin] PHP Warning:  rename(/Applications/MAMP/htdocs/note/edit//data/wiki/docs/01.2 Nombre.md,/Applications/MAMP/htdocs/note/edit//data/wiki/docs/01.2. Nombre.md): No such file or directory in /Applications/MAMP/htdocs/note/edit/lib/jotter.class.php on line 130
[11-Feb-2020 02:32:10 Europe/Berlin] PHP Warning:  Cannot modify header information - headers already sent by (output started at /Applications/MAMP/htdocs/note/edit/lib/jotter.class.php:130) in /Applications/MAMP/htdocs/note/edit/index.php on line 287
[11-Feb-2020 03:50:37 Europe/Berlin] PHP Fatal error:  Uncaught Error: Call to undefined function d() in /Applications/MAMP/htdocs/note/edit/index.php:194
Stack trace:
#0 {main}
  thrown in /Applications/MAMP/htdocs/note/edit/index.php on line 194
[11-Feb-2020 03:50:45 Europe/Berlin] PHP Fatal error:  Uncaught Error: Call to undefined function d() in /Applications/MAMP/htdocs/note/edit/index.php:194
Stack trace:
#0 {main}
  thrown in /Applications/MAMP/htdocs/note/edit/index.php on line 194
[11-Feb-2020 03:50:57 Europe/Berlin] PHP Fatal error:  Uncaught Error: Call to undefined function d() in /Applications/MAMP/htdocs/note/edit/index.php:194
Stack trace:
#0 {main}
  thrown in /Applications/MAMP/htdocs/note/edit/index.php on line 194
[11-Feb-2020 04:45:58 Europe/Berlin] PHP Notice:  Array to string conversion in /Applications/MAMP/htdocs/note/edit/tpl/notebookForm.tpl.php on line 5
[11-Feb-2020 04:54:01 Europe/Berlin] PHP Notice:  Undefined index: name in /Applications/MAMP/htdocs/note/edit/tpl/notebookForm.tpl.php on line 13
[11-Feb-2020 04:54:04 Europe/Berlin] PHP Notice:  Undefined index: name in /Applications/MAMP/htdocs/note/edit/tpl/notebookForm.tpl.php on line 13
[11-Feb-2020 04:54:31 Europe/Berlin] PHP Parse error:  syntax error, unexpected 'autofocus' (T_STRING), expecting ']' in /Applications/MAMP/htdocs/note/edit/tpl/notebookForm.tpl.php on line 13
[11-Feb-2020 04:54:40 Europe/Berlin] PHP Notice:  Undefined index: name in /Applications/MAMP/htdocs/note/edit/tpl/notebookForm.tpl.php on line 13
[11-Feb-2020 04:59:13 Europe/Berlin] PHP Parse error:  syntax error, unexpected 'echo' (T_ECHO) in /Applications/MAMP/htdocs/note/edit/tpl/notebookForm.tpl.php on line 54
[11-Feb-2020 04:59:35 Europe/Berlin] PHP Notice:  Undefined index: name in /Applications/MAMP/htdocs/note/edit/tpl/notebookForm.tpl.php on line 13
[11-Feb-2020 04:59:38 Europe/Berlin] PHP Notice:  Undefined index: name in /Applications/MAMP/htdocs/note/edit/tpl/notebookForm.tpl.php on line 13
[11-Feb-2020 05:00:02 Europe/Berlin] PHP Notice:  Undefined index: name in /Applications/MAMP/htdocs/note/edit/tpl/notebookForm.tpl.php on line 13
[11-Feb-2020 05:00:04 Europe/Berlin] PHP Notice:  Undefined index: name in /Applications/MAMP/htdocs/note/edit/tpl/notebookForm.tpl.php on line 13
[11-Feb-2020 05:00:09 Europe/Berlin] PHP Notice:  Undefined index: name in /Applications/MAMP/htdocs/note/edit/tpl/notebookForm.tpl.php on line 13
[11-Feb-2020 05:00:16 Europe/Berlin] PHP Notice:  Undefined index: name in /Applications/MAMP/htdocs/note/edit/tpl/notebookForm.tpl.php on line 13
[11-Feb-2020 05:00:16 Europe/Berlin] PHP Notice:  Undefined index: site_name in /Applications/MAMP/htdocs/note/edit/tpl/notebookForm.tpl.php on line 28
[11-Feb-2020 05:00:16 Europe/Berlin] PHP Notice:  Undefined index: site_description in /Applications/MAMP/htdocs/note/edit/tpl/notebookForm.tpl.php on line 35
[11-Feb-2020 05:00:16 Europe/Berlin] PHP Notice:  Undefined index: home_route in /Applications/MAMP/htdocs/note/edit/tpl/notebookForm.tpl.php on line 42
[11-Feb-2020 05:00:16 Europe/Berlin] PHP Notice:  Undefined index: password in /Applications/MAMP/htdocs/note/edit/tpl/notebookForm.tpl.php on line 49
[11-Feb-2020 05:00:49 Europe/Berlin] PHP Notice:  Undefined index: name in /Applications/MAMP/htdocs/note/edit/tpl/notebookForm.tpl.php on line 13
[11-Feb-2020 05:14:09 Europe/Berlin] PHP Notice:  Undefined variable: nb in /Applications/MAMP/htdocs/note/edit/tpl/notebookForm.tpl.php on line 13
[11-Feb-2020 05:14:11 Europe/Berlin] PHP Notice:  Undefined variable: nb in /Applications/MAMP/htdocs/note/edit/tpl/notebookForm.tpl.php on line 13
[11-Feb-2020 05:14:29 Europe/Berlin] PHP Notice:  Undefined variable: name in /Applications/MAMP/htdocs/note/edit/tpl/notebookForm.tpl.php on line 13
[11-Feb-2020 05:56:56 Europe/Berlin] PHP Notice:  Undefined variable: notebook in /Applications/MAMP/htdocs/note/edit/tpl/notebookForm.tpl.php on line 5
[11-Feb-2020 05:57:10 Europe/Berlin] PHP Notice:  Undefined index: site_name in /Applications/MAMP/htdocs/note/edit/tpl/notebookForm.tpl.php on line 28
[11-Feb-2020 05:57:10 Europe/Berlin] PHP Notice:  Undefined index: site_description in /Applications/MAMP/htdocs/note/edit/tpl/notebookForm.tpl.php on line 35
[11-Feb-2020 05:57:10 Europe/Berlin] PHP Notice:  Undefined index: home_route in /Applications/MAMP/htdocs/note/edit/tpl/notebookForm.tpl.php on line 42
[11-Feb-2020 05:57:10 Europe/Berlin] PHP Notice:  Undefined index: password in /Applications/MAMP/htdocs/note/edit/tpl/notebookForm.tpl.php on line 49
[11-Feb-2020 06:41:58 Europe/Berlin] PHP Notice:  Undefined variable: user in /Applications/MAMP/htdocs/note/edit/index.php on line 162
[11-Feb-2020 06:41:58 Europe/Berlin] PHP Notice:  Undefined variable: user in /Applications/MAMP/htdocs/note/edit/tpl/header.tpl.php on line 38
[11-Feb-2020 06:41:58 Europe/Berlin] PHP Notice:  Undefined variable: user in /Applications/MAMP/htdocs/note/edit/tpl/header.tpl.php on line 220
[11-Feb-2020 06:41:58 Europe/Berlin] PHP Notice:  Undefined index: login in /Applications/MAMP/htdocs/note/edit/tpl/header.tpl.php on line 220
[11-Feb-2020 07:34:25 Europe/Berlin] PHP Notice:  Undefined index: site in /Applications/MAMP/htdocs/note/edit/tpl/notebookForm.tpl.php on line 27
[11-Feb-2020 07:35:00 Europe/Berlin] PHP Fatal error:  Uncaught ArgumentCountError: Too few arguments to function Jotter::setNotebook(), 4 passed in /Applications/MAMP/htdocs/note/edit/index.php on line 385 and at least 5 expected in /Applications/MAMP/htdocs/note/edit/lib/jotter.class.php:38
Stack trace:
#0 /Applications/MAMP/htdocs/note/edit/index.php(385): Jotter->setNotebook('hola', 'wiki', 'markdown', false)
#1 {main}
  thrown in /Applications/MAMP/htdocs/note/edit/lib/jotter.class.php on line 38
[11-Feb-2020 07:35:45 Europe/Berlin] PHP Fatal error:  Uncaught ArgumentCountError: Too few arguments to function Jotter::setNotebook(), 4 passed in /Applications/MAMP/htdocs/note/edit/index.php on line 385 and at least 5 expected in /Applications/MAMP/htdocs/note/edit/lib/jotter.class.php:38
Stack trace:
#0 /Applications/MAMP/htdocs/note/edit/index.php(385): Jotter->setNotebook('hola', 'wiki', 'markdown', false)
#1 {main}
  thrown in /Applications/MAMP/htdocs/note/edit/lib/jotter.class.php on line 38
[11-Feb-2020 07:46:38 Europe/Berlin] PHP Notice:  Undefined index: name in /Applications/MAMP/htdocs/note/edit/index.php on line 202
[11-Feb-2020 07:46:38 Europe/Berlin] PHP Notice:  Undefined index: site in /Applications/MAMP/htdocs/note/edit/index.php on line 206
[11-Feb-2020 07:46:38 Europe/Berlin] PHP Warning:  mkdir(): File exists in /Applications/MAMP/htdocs/note/edit/lib/jotter.class.php on line 54
[11-Feb-2020 07:46:38 Europe/Berlin] PHP Warning:  Cannot modify header information - headers already sent by (output started at /Applications/MAMP/htdocs/note/edit/index.php:202) in /Applications/MAMP/htdocs/note/edit/index.php on line 221
[11-Feb-2020 07:50:00 Europe/Berlin] PHP Notice:  Undefined index: nb in /Applications/MAMP/htdocs/note/edit/tpl/notebookForm.tpl.php on line 12
[11-Feb-2020 07:50:00 Europe/Berlin] PHP Notice:  Undefined index: site_name in /Applications/MAMP/htdocs/note/edit/tpl/notebookForm.tpl.php on line 27
[11-Feb-2020 07:50:00 Europe/Berlin] PHP Notice:  Undefined index: site_description in /Applications/MAMP/htdocs/note/edit/tpl/notebookForm.tpl.php on line 34
[11-Feb-2020 07:50:00 Europe/Berlin] PHP Notice:  Undefined index: home_route in /Applications/MAMP/htdocs/note/edit/tpl/notebookForm.tpl.php on line 41
[11-Feb-2020 07:50:00 Europe/Berlin] PHP Notice:  Undefined index: password in /Applications/MAMP/htdocs/note/edit/tpl/notebookForm.tpl.php on line 48
[11-Feb-2020 07:50:00 Europe/Berlin] PHP Notice:  Undefined index: public in /Applications/MAMP/htdocs/note/edit/tpl/notebookForm.tpl.php on line 53
[11-Feb-2020 07:50:13 Europe/Berlin] PHP Notice:  Undefined index: nb in /Applications/MAMP/htdocs/note/edit/tpl/notebookForm.tpl.php on line 12
[11-Feb-2020 07:50:13 Europe/Berlin] PHP Notice:  Undefined index: site_name in /Applications/MAMP/htdocs/note/edit/tpl/notebookForm.tpl.php on line 27
[11-Feb-2020 07:50:13 Europe/Berlin] PHP Notice:  Undefined index: site_description in /Applications/MAMP/htdocs/note/edit/tpl/notebookForm.tpl.php on line 34
[11-Feb-2020 07:50:13 Europe/Berlin] PHP Notice:  Undefined index: home_route in /Applications/MAMP/htdocs/note/edit/tpl/notebookForm.tpl.php on line 41
[11-Feb-2020 07:50:13 Europe/Berlin] PHP Notice:  Undefined index: password in /Applications/MAMP/htdocs/note/edit/tpl/notebookForm.tpl.php on line 48
[11-Feb-2020 07:50:13 Europe/Berlin] PHP Notice:  Undefined index: public in /Applications/MAMP/htdocs/note/edit/tpl/notebookForm.tpl.php on line 53
[11-Feb-2020 07:50:28 Europe/Berlin] PHP Notice:  Undefined index: nb in /Applications/MAMP/htdocs/note/edit/tpl/notebookForm.tpl.php on line 12
[11-Feb-2020 07:50:28 Europe/Berlin] PHP Notice:  Undefined index: site_name in /Applications/MAMP/htdocs/note/edit/tpl/notebookForm.tpl.php on line 27
[11-Feb-2020 07:50:28 Europe/Berlin] PHP Notice:  Undefined index: site_description in /Applications/MAMP/htdocs/note/edit/tpl/notebookForm.tpl.php on line 34
[11-Feb-2020 07:50:28 Europe/Berlin] PHP Notice:  Undefined index: home_route in /Applications/MAMP/htdocs/note/edit/tpl/notebookForm.tpl.php on line 41
[11-Feb-2020 07:50:28 Europe/Berlin] PHP Notice:  Undefined index: password in /Applications/MAMP/htdocs/note/edit/tpl/notebookForm.tpl.php on line 48
[11-Feb-2020 07:50:28 Europe/Berlin] PHP Notice:  Undefined index: public in /Applications/MAMP/htdocs/note/edit/tpl/notebookForm.tpl.php on line 53
[11-Feb-2020 07:53:39 Europe/Berlin] PHP Notice:  Undefined index: nb in /Applications/MAMP/htdocs/note/edit/tpl/notebookForm.tpl.php on line 12
[11-Feb-2020 07:53:39 Europe/Berlin] PHP Notice:  Undefined index: site_name in /Applications/MAMP/htdocs/note/edit/tpl/notebookForm.tpl.php on line 27
[11-Feb-2020 07:53:39 Europe/Berlin] PHP Notice:  Undefined index: site_description in /Applications/MAMP/htdocs/note/edit/tpl/notebookForm.tpl.php on line 34
[11-Feb-2020 07:53:39 Europe/Berlin] PHP Notice:  Undefined index: home_route in /Applications/MAMP/htdocs/note/edit/tpl/notebookForm.tpl.php on line 41
[11-Feb-2020 07:53:39 Europe/Berlin] PHP Notice:  Undefined index: password in /Applications/MAMP/htdocs/note/edit/tpl/notebookForm.tpl.php on line 48
[11-Feb-2020 07:53:39 Europe/Berlin] PHP Notice:  Undefined index: public in /Applications/MAMP/htdocs/note/edit/tpl/notebookForm.tpl.php on line 53
[11-Feb-2020 08:00:50 Europe/Berlin] PHP Notice:  Undefined index: nb in /Applications/MAMP/htdocs/note/edit/tpl/notebookForm.tpl.php on line 12
[11-Feb-2020 08:00:50 Europe/Berlin] PHP Notice:  Undefined index: site_name in /Applications/MAMP/htdocs/note/edit/tpl/notebookForm.tpl.php on line 27
[11-Feb-2020 08:00:50 Europe/Berlin] PHP Notice:  Undefined index: site_description in /Applications/MAMP/htdocs/note/edit/tpl/notebookForm.tpl.php on line 34
[11-Feb-2020 08:00:50 Europe/Berlin] PHP Notice:  Undefined index: home_route in /Applications/MAMP/htdocs/note/edit/tpl/notebookForm.tpl.php on line 41
[11-Feb-2020 08:00:50 Europe/Berlin] PHP Notice:  Undefined index: password in /Applications/MAMP/htdocs/note/edit/tpl/notebookForm.tpl.php on line 48
[11-Feb-2020 08:00:50 Europe/Berlin] PHP Notice:  Undefined index: public in /Applications/MAMP/htdocs/note/edit/tpl/notebookForm.tpl.php on line 53
[11-Feb-2020 08:05:49 Europe/Berlin] PHP Notice:  Undefined index: nb in /Applications/MAMP/htdocs/note/edit/tpl/notebookForm.tpl.php on line 12
[11-Feb-2020 08:05:49 Europe/Berlin] PHP Notice:  Undefined index: site_name in /Applications/MAMP/htdocs/note/edit/tpl/notebookForm.tpl.php on line 27
[11-Feb-2020 08:05:49 Europe/Berlin] PHP Notice:  Undefined index: site_description in /Applications/MAMP/htdocs/note/edit/tpl/notebookForm.tpl.php on line 34
[11-Feb-2020 08:05:49 Europe/Berlin] PHP Notice:  Undefined index: home_route in /Applications/MAMP/htdocs/note/edit/tpl/notebookForm.tpl.php on line 41
[11-Feb-2020 08:05:49 Europe/Berlin] PHP Notice:  Undefined index: password in /Applications/MAMP/htdocs/note/edit/tpl/notebookForm.tpl.php on line 48
[11-Feb-2020 08:05:49 Europe/Berlin] PHP Notice:  Undefined index: public in /Applications/MAMP/htdocs/note/edit/tpl/notebookForm.tpl.php on line 53
[11-Feb-2020 18:15:43 Europe/Berlin] PHP Notice:  Undefined variable: reference in /Applications/MAMP/htdocs/note/edit/tpl/itemForm.tpl.php on line 10
[11-Feb-2020 18:17:05 Europe/Berlin] PHP Notice:  Undefined index: site_name in /Applications/MAMP/htdocs/note/edit/tpl/notebookForm.tpl.php on line 27
[11-Feb-2020 18:17:05 Europe/Berlin] PHP Notice:  Undefined index: site_description in /Applications/MAMP/htdocs/note/edit/tpl/notebookForm.tpl.php on line 34
[11-Feb-2020 18:17:05 Europe/Berlin] PHP Notice:  Undefined index: home_route in /Applications/MAMP/htdocs/note/edit/tpl/notebookForm.tpl.php on line 41
[11-Feb-2020 18:17:05 Europe/Berlin] PHP Notice:  Undefined index: password in /Applications/MAMP/htdocs/note/edit/tpl/notebookForm.tpl.php on line 48
[11-Feb-2020 18:17:21 Europe/Berlin] PHP Notice:  Undefined index: site_name in /Applications/MAMP/htdocs/note/edit/tpl/notebookForm.tpl.php on line 27
[11-Feb-2020 18:17:21 Europe/Berlin] PHP Notice:  Undefined index: site_description in /Applications/MAMP/htdocs/note/edit/tpl/notebookForm.tpl.php on line 34
[11-Feb-2020 18:17:21 Europe/Berlin] PHP Notice:  Undefined index: home_route in /Applications/MAMP/htdocs/note/edit/tpl/notebookForm.tpl.php on line 41
[11-Feb-2020 18:17:21 Europe/Berlin] PHP Notice:  Undefined index: password in /Applications/MAMP/htdocs/note/edit/tpl/notebookForm.tpl.php on line 48
[11-Feb-2020 18:18:30 Europe/Berlin] PHP Notice:  Undefined index: site_name in /Applications/MAMP/htdocs/note/edit/tpl/notebookForm.tpl.php on line 27
[11-Feb-2020 18:18:30 Europe/Berlin] PHP Notice:  Undefined index: site_description in /Applications/MAMP/htdocs/note/edit/tpl/notebookForm.tpl.php on line 34
[11-Feb-2020 18:18:30 Europe/Berlin] PHP Notice:  Undefined index: home_route in /Applications/MAMP/htdocs/note/edit/tpl/notebookForm.tpl.php on line 41
[11-Feb-2020 18:18:30 Europe/Berlin] PHP Notice:  Undefined index: password in /Applications/MAMP/htdocs/note/edit/tpl/notebookForm.tpl.php on line 48
[11-Feb-2020 18:54:25 Europe/Berlin] PHP Notice:  Undefined variable: defaultNote in /Applications/MAMP/htdocs/note/edit/lib/jotter.class.php on line 81
[11-Feb-2020 18:54:25 Europe/Berlin] PHP Warning:  Cannot modify header information - headers already sent by (output started at /Applications/MAMP/htdocs/note/edit/index.php:205) in /Applications/MAMP/htdocs/note/edit/index.php on line 215
[11-Feb-2020 18:56:00 Europe/Berlin] PHP Warning:  Cannot modify header information - headers already sent by (output started at /Applications/MAMP/htdocs/note/edit/index.php:205) in /Applications/MAMP/htdocs/note/edit/index.php on line 215
[11-Feb-2020 18:56:36 Europe/Berlin] PHP Warning:  Cannot modify header information - headers already sent by (output started at /Applications/MAMP/htdocs/note/edit/index.php:205) in /Applications/MAMP/htdocs/note/edit/index.php on line 215
[11-Feb-2020 18:57:13 Europe/Berlin] PHP Warning:  Cannot modify header information - headers already sent by (output started at /Applications/MAMP/htdocs/note/edit/index.php:205) in /Applications/MAMP/htdocs/note/edit/index.php on line 215
[11-Feb-2020 18:58:28 Europe/Berlin] PHP Warning:  Cannot modify header information - headers already sent by (output started at /Applications/MAMP/htdocs/note/edit/index.php:205) in /Applications/MAMP/htdocs/note/edit/index.php on line 215
[11-Feb-2020 18:58:47 Europe/Berlin] PHP Warning:  Cannot modify header information - headers already sent by (output started at /Applications/MAMP/htdocs/note/edit/index.php:205) in /Applications/MAMP/htdocs/note/edit/index.php on line 215
[11-Feb-2020 18:59:07 Europe/Berlin] PHP Warning:  Cannot modify header information - headers already sent by (output started at /Applications/MAMP/htdocs/note/edit/index.php:205) in /Applications/MAMP/htdocs/note/edit/index.php on line 215
[11-Feb-2020 19:05:47 Europe/Berlin] PHP Parse error:  syntax error, unexpected ')' in /Applications/MAMP/htdocs/note/edit/tpl/itemForm.tpl.php on line 15
[11-Feb-2020 19:08:09 Europe/Berlin] PHP Notice:  Undefined variable: user in /Applications/MAMP/htdocs/note/edit/index.php on line 162
[11-Feb-2020 19:08:09 Europe/Berlin] PHP Notice:  Undefined variable: user in /Applications/MAMP/htdocs/note/edit/tpl/header.tpl.php on line 38
[11-Feb-2020 19:08:09 Europe/Berlin] PHP Notice:  Undefined variable: user in /Applications/MAMP/htdocs/note/edit/tpl/header.tpl.php on line 220
[11-Feb-2020 19:08:09 Europe/Berlin] PHP Notice:  Undefined index: login in /Applications/MAMP/htdocs/note/edit/tpl/header.tpl.php on line 220
[11-Feb-2020 19:08:11 Europe/Berlin] PHP Notice:  Undefined index: login in /Applications/MAMP/htdocs/note/edit/tpl/header.tpl.php on line 220
[11-Feb-2020 19:08:19 Europe/Berlin] PHP Notice:  Undefined index: login in /Applications/MAMP/htdocs/note/edit/tpl/header.tpl.php on line 220
[11-Feb-2020 19:08:23 Europe/Berlin] PHP Notice:  Undefined index: login in /Applications/MAMP/htdocs/note/edit/tpl/header.tpl.php on line 220
[11-Feb-2020 19:08:26 Europe/Berlin] PHP Notice:  Undefined index: login in /Applications/MAMP/htdocs/note/edit/tpl/header.tpl.php on line 220
[11-Feb-2020 19:11:34 Europe/Berlin] PHP Notice:  Undefined index: site_name in /Applications/MAMP/htdocs/note/edit/index.php on line 369
[11-Feb-2020 19:11:34 Europe/Berlin] PHP Warning:  Cannot modify header information - headers already sent by (output started at /Applications/MAMP/htdocs/note/edit/index.php:369) in /Applications/MAMP/htdocs/note/edit/index.php on line 379
[11-Feb-2020 19:14:11 Europe/Berlin] PHP Notice:  Undefined index: nb in /Applications/MAMP/htdocs/note/edit/tpl/notebookForm.tpl.php on line 7
[11-Feb-2020 19:14:11 Europe/Berlin] PHP Notice:  Undefined index: nb in /Applications/MAMP/htdocs/note/edit/tpl/notebookForm.tpl.php on line 12
[11-Feb-2020 19:14:11 Europe/Berlin] PHP Notice:  Undefined index: site_name in /Applications/MAMP/htdocs/note/edit/tpl/notebookForm.tpl.php on line 29
[11-Feb-2020 19:14:11 Europe/Berlin] PHP Notice:  Undefined index: site_description in /Applications/MAMP/htdocs/note/edit/tpl/notebookForm.tpl.php on line 36
[11-Feb-2020 19:14:11 Europe/Berlin] PHP Notice:  Undefined index: home_route in /Applications/MAMP/htdocs/note/edit/tpl/notebookForm.tpl.php on line 43
[11-Feb-2020 19:14:11 Europe/Berlin] PHP Notice:  Undefined index: password in /Applications/MAMP/htdocs/note/edit/tpl/notebookForm.tpl.php on line 50
[11-Feb-2020 19:14:11 Europe/Berlin] PHP Notice:  Undefined index: public in /Applications/MAMP/htdocs/note/edit/tpl/notebookForm.tpl.php on line 55
[11-Feb-2020 19:14:22 Europe/Berlin] PHP Notice:  Undefined index: nb in /Applications/MAMP/htdocs/note/edit/tpl/notebookForm.tpl.php on line 7
[11-Feb-2020 19:14:22 Europe/Berlin] PHP Notice:  Undefined index: nb in /Applications/MAMP/htdocs/note/edit/tpl/notebookForm.tpl.php on line 12
[11-Feb-2020 19:14:22 Europe/Berlin] PHP Notice:  Undefined index: site_name in /Applications/MAMP/htdocs/note/edit/tpl/notebookForm.tpl.php on line 29
[11-Feb-2020 19:14:22 Europe/Berlin] PHP Notice:  Undefined index: site_description in /Applications/MAMP/htdocs/note/edit/tpl/notebookForm.tpl.php on line 36
[11-Feb-2020 19:14:22 Europe/Berlin] PHP Notice:  Undefined index: home_route in /Applications/MAMP/htdocs/note/edit/tpl/notebookForm.tpl.php on line 43
[11-Feb-2020 19:14:22 Europe/Berlin] PHP Notice:  Undefined index: password in /Applications/MAMP/htdocs/note/edit/tpl/notebookForm.tpl.php on line 50
[11-Feb-2020 19:14:22 Europe/Berlin] PHP Notice:  Undefined index: public in /Applications/MAMP/htdocs/note/edit/tpl/notebookForm.tpl.php on line 55
[11-Feb-2020 20:42:51 Europe/Berlin] PHP Notice:  Undefined index: public_view in /Applications/MAMP/htdocs/note/edit/tpl/notebookForm.tpl.php on line 62
[11-Feb-2020 20:45:15 Europe/Berlin] PHP Notice:  Undefined index: public_view in /Applications/MAMP/htdocs/note/edit/tpl/notebookForm.tpl.php on line 62
[11-Feb-2020 20:45:47 Europe/Berlin] PHP Notice:  Undefined index: public_view in /Applications/MAMP/htdocs/note/edit/tpl/notebookForm.tpl.php on line 60
[11-Feb-2020 20:45:58 Europe/Berlin] PHP Notice:  Undefined index: public_view in /Applications/MAMP/htdocs/note/edit/tpl/notebookForm.tpl.php on line 60
[11-Feb-2020 20:47:18 Europe/Berlin] PHP Notice:  Undefined index: public_view in /Applications/MAMP/htdocs/note/edit/tpl/notebookForm.tpl.php on line 60
[11-Feb-2020 20:47:54 Europe/Berlin] PHP Notice:  Undefined index: public_view in /Applications/MAMP/htdocs/note/edit/tpl/notebookForm.tpl.php on line 60
[11-Feb-2020 20:48:11 Europe/Berlin] PHP Notice:  Undefined index: public_view in /Applications/MAMP/htdocs/note/edit/tpl/notebookForm.tpl.php on line 60
[11-Feb-2020 20:48:42 Europe/Berlin] PHP Notice:  Undefined index: public_view in /Applications/MAMP/htdocs/note/edit/tpl/notebookForm.tpl.php on line 60
[11-Feb-2020 20:48:44 Europe/Berlin] PHP Notice:  Undefined index: public_view in /Applications/MAMP/htdocs/note/edit/tpl/notebookForm.tpl.php on line 60
[11-Feb-2020 20:49:06 Europe/Berlin] PHP Notice:  Undefined index: public_view in /Applications/MAMP/htdocs/note/edit/tpl/notebookForm.tpl.php on line 60
[11-Feb-2020 20:49:13 Europe/Berlin] PHP Notice:  Undefined variable: site_description in /Applications/MAMP/htdocs/note/edit/lib/jotter.class.php on line 68
[11-Feb-2020 20:49:13 Europe/Berlin] PHP Notice:  Undefined variable: home_route in /Applications/MAMP/htdocs/note/edit/lib/jotter.class.php on line 69
[11-Feb-2020 20:49:13 Europe/Berlin] PHP Notice:  Undefined variable: password in /Applications/MAMP/htdocs/note/edit/lib/jotter.class.php on line 73
[11-Feb-2020 20:49:13 Europe/Berlin] PHP Warning:  Cannot modify header information - headers already sent by (output started at /Applications/MAMP/htdocs/note/edit/lib/jotter.class.php:68) in /Applications/MAMP/htdocs/note/edit/index.php on line 379
[11-Feb-2020 20:59:17 Europe/Berlin] PHP Fatal error:  Redefinition of parameter $public_view in /Applications/MAMP/htdocs/note/edit/lib/jotter.class.php on line 38
[11-Feb-2020 22:26:28 Europe/Berlin] PHP Notice:  Undefined variable: user in /Applications/MAMP/htdocs/note/edit/index.php on line 162
[11-Feb-2020 22:26:28 Europe/Berlin] PHP Notice:  Undefined variable: user in /Applications/MAMP/htdocs/note/edit/tpl/header.tpl.php on line 38
[11-Feb-2020 22:26:28 Europe/Berlin] PHP Notice:  Undefined variable: user in /Applications/MAMP/htdocs/note/edit/tpl/header.tpl.php on line 220
[11-Feb-2020 22:26:28 Europe/Berlin] PHP Notice:  Undefined index: login in /Applications/MAMP/htdocs/note/edit/tpl/header.tpl.php on line 220
[12-Feb-2020 01:30:49 Europe/Berlin] PHP Notice:  Undefined index: login in /Applications/MAMP/htdocs/note/edit/tpl/header.tpl.php on line 220
[12-Feb-2020 02:20:11 Europe/Berlin] PHP Notice:  Undefined variable: user in /Applications/MAMP/htdocs/note/edit/index.php on line 162
[12-Feb-2020 02:20:11 Europe/Berlin] PHP Notice:  Undefined variable: user in /Applications/MAMP/htdocs/note/edit/tpl/header.tpl.php on line 38
[12-Feb-2020 02:20:11 Europe/Berlin] PHP Notice:  Undefined variable: user in /Applications/MAMP/htdocs/note/edit/tpl/header.tpl.php on line 220
[12-Feb-2020 02:20:11 Europe/Berlin] PHP Notice:  Undefined index: login in /Applications/MAMP/htdocs/note/edit/tpl/header.tpl.php on line 220
[14-Feb-2020 06:08:56 Europe/Berlin] PHP Notice:  Undefined variable: user in /Applications/MAMP/htdocs/note/edit/index.php on line 162
[14-Feb-2020 06:08:56 Europe/Berlin] PHP Notice:  Undefined variable: user in /Applications/MAMP/htdocs/note/edit/tpl/header.tpl.php on line 38
[14-Feb-2020 06:08:56 Europe/Berlin] PHP Notice:  Undefined variable: user in /Applications/MAMP/htdocs/note/edit/tpl/header.tpl.php on line 220
[14-Feb-2020 06:08:56 Europe/Berlin] PHP Notice:  Undefined index: login in /Applications/MAMP/htdocs/note/edit/tpl/header.tpl.php on line 220
[14-Feb-2020 06:53:33 Europe/Berlin] PHP Notice:  Undefined index: login in /Applications/MAMP/htdocs/note/edit/tpl/header.tpl.php on line 220
[14-Feb-2020 20:24:22 Europe/Berlin] PHP Notice:  Undefined index: login in C:\xampp\htdocs\note\edit\tpl\header.tpl.php on line 220
[14-Feb-2020 20:25:18 Europe/Berlin] PHP Notice:  Undefined index: login in C:\xampp\htdocs\note\edit\tpl\header.tpl.php on line 220
[14-Feb-2020 20:25:40 Europe/Berlin] PHP Notice:  Undefined index: login in C:\xampp\htdocs\note\edit\tpl\header.tpl.php on line 220
[14-Feb-2020 20:26:22 Europe/Berlin] PHP Notice:  Undefined index: login in C:\xampp\htdocs\note\edit\tpl\header.tpl.php on line 220
[14-Feb-2020 20:45:09 Europe/Berlin] PHP Notice:  Undefined index: login in C:\xampp\htdocs\note\edit\tpl\header.tpl.php on line 220
[14-Feb-2020 20:45:16 Europe/Berlin] PHP Notice:  Undefined index: login in C:\xampp\htdocs\note\edit\tpl\header.tpl.php on line 220
[14-Feb-2020 23:21:23 Europe/Berlin] PHP Parse error:  syntax error, unexpected 'class' (T_CLASS) in C:\xampp\htdocs\note\edit\tpl\header.tpl.php on line 276
[15-Feb-2020 00:04:17 Europe/Berlin] PHP Warning:  session_set_cookie_params(): Cannot change session cookie parameters when session is active in C:\xampp\htdocs\note\edit\lib\ext\yoslogin.lib.php on line 187
[15-Feb-2020 00:04:17 Europe/Berlin] PHP Notice:  Undefined variable: user in C:\xampp\htdocs\note\edit\index.php on line 162
[15-Feb-2020 00:04:17 Europe/Berlin] PHP Notice:  Undefined variable: user in C:\xampp\htdocs\note\edit\tpl\header.tpl.php on line 38
[15-Feb-2020 00:04:17 Europe/Berlin] PHP Notice:  Undefined variable: user in C:\xampp\htdocs\note\edit\tpl\header.tpl.php on line 214
[15-Feb-2020 00:04:17 Europe/Berlin] PHP Notice:  Undefined index: login in C:\xampp\htdocs\note\edit\tpl\header.tpl.php on line 214
[15-Feb-2020 01:11:24 Europe/Berlin] PHP Warning:  session_set_cookie_params(): Cannot change session cookie parameters when session is active in C:\xampp\htdocs\note\edit\lib\ext\yoslogin.lib.php on line 187
[15-Feb-2020 01:11:24 Europe/Berlin] PHP Notice:  Undefined variable: user in C:\xampp\htdocs\note\edit\index.php on line 162
[15-Feb-2020 01:11:24 Europe/Berlin] PHP Notice:  Undefined variable: user in C:\xampp\htdocs\note\edit\tpl\header.tpl.php on line 38
[15-Feb-2020 01:11:24 Europe/Berlin] PHP Notice:  Undefined variable: user in C:\xampp\htdocs\note\edit\tpl\header.tpl.php on line 214
[15-Feb-2020 01:11:24 Europe/Berlin] PHP Notice:  Undefined index: login in C:\xampp\htdocs\note\edit\tpl\header.tpl.php on line 214
[15-Feb-2020 01:11:29 Europe/Berlin] PHP Notice:  Undefined index: login in C:\xampp\htdocs\note\edit\tpl\header.tpl.php on line 214
[15-Feb-2020 01:11:36 Europe/Berlin] PHP Notice:  Undefined index: login in C:\xampp\htdocs\note\edit\tpl\header.tpl.php on line 214
[15-Feb-2020 01:35:30 Europe/Berlin] PHP Warning:  session_set_cookie_params(): Cannot change session cookie parameters when session is active in C:\xampp\htdocs\note\edit\lib\ext\yoslogin.lib.php on line 187
[15-Feb-2020 01:35:30 Europe/Berlin] PHP Notice:  Undefined variable: user in C:\xampp\htdocs\note\edit\index.php on line 162
[15-Feb-2020 01:35:30 Europe/Berlin] PHP Notice:  Undefined variable: user in C:\xampp\htdocs\note\edit\tpl\header.tpl.php on line 38
[15-Feb-2020 01:35:30 Europe/Berlin] PHP Notice:  Undefined variable: user in C:\xampp\htdocs\note\edit\tpl\header.tpl.php on line 214
[15-Feb-2020 01:35:31 Europe/Berlin] PHP Notice:  Undefined index: login in C:\xampp\htdocs\note\edit\tpl\header.tpl.php on line 214
[15-Feb-2020 01:36:20 Europe/Berlin] PHP Notice:  Undefined index: login in C:\xampp\htdocs\note\edit\tpl\header.tpl.php on line 214
[15-Feb-2020 01:36:21 Europe/Berlin] PHP Notice:  Undefined index: login in C:\xampp\htdocs\note\edit\tpl\header.tpl.php on line 214
[15-Feb-2020 01:38:13 Europe/Berlin] PHP Warning:  session_set_cookie_params(): Cannot change session cookie parameters when session is active in C:\xampp\htdocs\note\edit\lib\ext\yoslogin.lib.php on line 187
[15-Feb-2020 01:38:13 Europe/Berlin] PHP Notice:  Undefined variable: user in C:\xampp\htdocs\note\edit\index.php on line 162
[15-Feb-2020 01:38:13 Europe/Berlin] PHP Notice:  Undefined variable: user in C:\xampp\htdocs\note\edit\tpl\header.tpl.php on line 38
[15-Feb-2020 01:38:13 Europe/Berlin] PHP Notice:  Undefined variable: user in C:\xampp\htdocs\note\edit\tpl\header.tpl.php on line 214
[15-Feb-2020 01:38:13 Europe/Berlin] PHP Notice:  Undefined index: login in C:\xampp\htdocs\note\edit\tpl\header.tpl.php on line 214
[15-Feb-2020 01:38:21 Europe/Berlin] PHP Notice:  Undefined index: login in C:\xampp\htdocs\note\edit\tpl\header.tpl.php on line 214
[15-Feb-2020 01:38:38 Europe/Berlin] PHP Notice:  Undefined index: login in C:\xampp\htdocs\note\edit\tpl\header.tpl.php on line 214
[15-Feb-2020 01:38:46 Europe/Berlin] PHP Notice:  Undefined index: login in C:\xampp\htdocs\note\edit\tpl\header.tpl.php on line 214
[15-Feb-2020 01:39:48 Europe/Berlin] PHP Notice:  Undefined index: login in C:\xampp\htdocs\note\edit\tpl\header.tpl.php on line 214
[15-Feb-2020 01:42:00 Europe/Berlin] PHP Notice:  Undefined index: login in C:\xampp\htdocs\note\edit\tpl\header.tpl.php on line 214
[15-Feb-2020 01:42:05 Europe/Berlin] PHP Notice:  Undefined index: login in C:\xampp\htdocs\note\edit\tpl\header.tpl.php on line 214
[15-Feb-2020 01:42:08 Europe/Berlin] PHP Notice:  Undefined index: login in C:\xampp\htdocs\note\edit\tpl\header.tpl.php on line 214
[15-Feb-2020 01:42:30 Europe/Berlin] PHP Notice:  Undefined index: login in C:\xampp\htdocs\note\edit\tpl\header.tpl.php on line 214
[15-Feb-2020 01:47:05 Europe/Berlin] PHP Warning:  session_set_cookie_params(): Cannot change session cookie parameters when session is active in C:\xampp\htdocs\note\edit\lib\ext\yoslogin.lib.php on line 187
[15-Feb-2020 01:47:05 Europe/Berlin] PHP Notice:  Undefined variable: user in C:\xampp\htdocs\note\edit\index.php on line 162
[15-Feb-2020 01:47:05 Europe/Berlin] PHP Notice:  Undefined variable: user in C:\xampp\htdocs\note\edit\tpl\header.tpl.php on line 38
[15-Feb-2020 01:47:05 Europe/Berlin] PHP Notice:  Undefined variable: user in C:\xampp\htdocs\note\edit\tpl\header.tpl.php on line 214
[15-Feb-2020 01:47:05 Europe/Berlin] PHP Notice:  Undefined index: login in C:\xampp\htdocs\note\edit\tpl\header.tpl.php on line 214
[15-Feb-2020 01:47:08 Europe/Berlin] PHP Notice:  Undefined index: login in C:\xampp\htdocs\note\edit\tpl\header.tpl.php on line 214
[15-Feb-2020 22:22:43 Europe/Berlin] PHP Notice:  Array to string conversion in /Applications/MAMP/htdocs/note/edit/tpl/notebook.tpl.php on line 3
[16-Feb-2020 02:14:55 Europe/Berlin] PHP Notice:  Undefined index: login in /Applications/MAMP/htdocs/note/edit/tpl/header.tpl.php on line 214
[16-Feb-2020 05:55:27 Europe/Berlin] PHP Notice:  Undefined variable: password in /Applications/MAMP/htdocs/note/edit/index.php on line 451
[16-Feb-2020 05:55:27 Europe/Berlin] PHP Warning:  Cannot modify header information - headers already sent by (output started at /Applications/MAMP/htdocs/note/edit/index.php:451) in /Applications/MAMP/htdocs/note/edit/index.php on line 453
[16-Feb-2020 05:56:31 Europe/Berlin] PHP Notice:  Undefined variable: password in /Applications/MAMP/htdocs/note/edit/index.php on line 451
[16-Feb-2020 05:56:31 Europe/Berlin] PHP Warning:  Cannot modify header information - headers already sent by (output started at /Applications/MAMP/htdocs/note/edit/index.php:451) in /Applications/MAMP/htdocs/note/edit/index.php on line 453
[16-Feb-2020 06:19:31 Europe/Berlin] PHP Notice:  Undefined variable: user in /Applications/MAMP/htdocs/note/edit/index.php on line 162
[16-Feb-2020 06:19:31 Europe/Berlin] PHP Notice:  Undefined variable: user in /Applications/MAMP/htdocs/note/edit/tpl/header.tpl.php on line 38
[16-Feb-2020 06:19:31 Europe/Berlin] PHP Notice:  Undefined variable: user in /Applications/MAMP/htdocs/note/edit/tpl/header.tpl.php on line 214
[16-Feb-2020 06:19:31 Europe/Berlin] PHP Notice:  Undefined index: login in /Applications/MAMP/htdocs/note/edit/tpl/header.tpl.php on line 214
[16-Feb-2020 06:32:27 Europe/Berlin] PHP Notice:  Undefined index: login in /Applications/MAMP/htdocs/note/edit/tpl/header.tpl.php on line 214
[16-Feb-2020 07:04:06 Europe/Berlin] PHP Notice:  Undefined index: login in /Applications/MAMP/htdocs/note/edit/tpl/header.tpl.php on line 214
[16-Feb-2020 07:04:13 Europe/Berlin] PHP Notice:  Undefined index: login in /Applications/MAMP/htdocs/note/edit/tpl/header.tpl.php on line 214
[16-Feb-2020 17:44:02 Europe/Berlin] PHP Notice:  Undefined variable: value in /Applications/MAMP/htdocs/note/edit/tpl/header.tpl.php on line 132
[16-Feb-2020 18:04:42 Europe/Berlin] PHP Notice:  Undefined variable: user in /Applications/MAMP/htdocs/note/edit/index.php on line 162
[16-Feb-2020 18:04:42 Europe/Berlin] PHP Notice:  Undefined variable: user in /Applications/MAMP/htdocs/note/edit/tpl/header.tpl.php on line 38
[16-Feb-2020 18:04:42 Europe/Berlin] PHP Notice:  Undefined variable: user in /Applications/MAMP/htdocs/note/edit/tpl/header.tpl.php on line 215
[16-Feb-2020 18:04:42 Europe/Berlin] PHP Notice:  Undefined index: login in /Applications/MAMP/htdocs/note/edit/tpl/header.tpl.php on line 215
[16-Feb-2020 18:04:44 Europe/Berlin] PHP Notice:  Undefined index: login in /Applications/MAMP/htdocs/note/edit/tpl/header.tpl.php on line 215
[16-Feb-2020 18:17:41 Europe/Berlin] PHP Notice:  Undefined index: login in /Applications/MAMP/htdocs/note/edit/tpl/header.tpl.php on line 217
[16-Feb-2020 19:17:53 Europe/Berlin] PHP Notice:  Undefined variable: user in /Applications/MAMP/htdocs/note/edit/index.php on line 162
[16-Feb-2020 19:17:53 Europe/Berlin] PHP Notice:  Undefined variable: user in /Applications/MAMP/htdocs/note/edit/tpl/header.tpl.php on line 38
[16-Feb-2020 19:17:53 Europe/Berlin] PHP Notice:  Undefined variable: user in /Applications/MAMP/htdocs/note/edit/tpl/header.tpl.php on line 217
[16-Feb-2020 19:17:53 Europe/Berlin] PHP Notice:  Undefined index: login in /Applications/MAMP/htdocs/note/edit/tpl/header.tpl.php on line 217
[19-Mar-2020 22:14:23 UTC] PHP Fatal error:  Cannot use isset() on the result of an expression (you can use "null !== expression" instead) in C:\xampp\htdocs\notas\edit\tpl\notebooks.tpl.php on line 15
[19-Mar-2020 22:14:24 UTC] PHP Fatal error:  Cannot use isset() on the result of an expression (you can use "null !== expression" instead) in C:\xampp\htdocs\notas\edit\tpl\notebooks.tpl.php on line 15
